2018-06-09 08:21:56	INFO	DEBUT DU PROGRAMME
2018-06-09 08:21:56	INFO	Vérification de la base Live en cours
2018-06-09 08:21:56	INFO	On peut démarrer un match
2018-06-09 08:21:56	INFO	Et c'est parti pour le 1e match de baby-foot à l'Avisia Arena!
2018-06-09 08:22:01	INFO	Buuuut des Bleus ! 09/06/2018 08:22:01
2018-06-09 08:22:06	INFO	Buuuut des Bleus ! 09/06/2018 08:22:06
2018-06-09 08:22:11	INFO	Buuuut des Rouges ! 09/06/2018 08:22:11
2018-06-09 08:22:16	INFO	Buuuut des Bleus ! 09/06/2018 08:22:16
2018-06-09 08:22:21	INFO	Buuuut des Bleus ! 09/06/2018 08:22:21
2018-06-09 08:22:26	INFO	Buuuut des Rouges ! 09/06/2018 08:22:26
2018-06-09 08:22:31	INFO	Buuuut des Bleus ! 09/06/2018 08:22:31
2018-06-09 08:22:36	INFO	Buuuut des Bleus ! 09/06/2018 08:22:36
2018-06-09 08:22:41	INFO	Buuuut des Rouges ! 09/06/2018 08:22:41
2018-06-09 08:22:46	INFO	Buuuut des Rouges ! 09/06/2018 08:22:46
2018-06-09 08:22:51	INFO	Buuuut des Bleus ! 09/06/2018 08:22:51
2018-06-09 08:22:56	INFO	Buuuut des Bleus ! 09/06/2018 08:22:56
2018-06-09 08:23:01	INFO	Buuuut des Bleus ! 09/06/2018 08:23:01
2018-06-09 08:23:06	INFO	Buuuut des Bleus ! 09/06/2018 08:23:06
2018-06-09 08:23:11	INFO	C'est donc terminé pour ce match. Victoire des Bleus
2018-06-09 08:23:11	INFO	PURGE DE LA TABLE LIVE_MATCH
2018-06-09 08:23:21	INFO	FIN DE LA BOUCLE
2018-06-09 08:23:21	INFO	Vérification de la base Live en cours
2018-06-09 08:23:31	INFO	FIN DE LA BOUCLE
2018-06-09 08:23:31	INFO	Vérification de la base Live en cours
2018-06-09 08:23:41	INFO	FIN DE LA BOUCLE
2018-06-09 08:23:41	INFO	Vérification de la base Live en cours
2018-06-09 08:23:51	INFO	FIN DE LA BOUCLE
2018-06-09 08:23:51	INFO	Vérification de la base Live en cours
2018-06-09 08:24:01	INFO	FIN DE LA BOUCLE
2018-06-09 08:24:01	INFO	Vérification de la base Live en cours
2018-06-09 08:24:11	INFO	FIN DE LA BOUCLE
2018-06-09 08:24:11	INFO	Vérification de la base Live en cours
2018-06-09 08:24:21	INFO	FIN DE LA BOUCLE
2018-06-09 08:24:21	INFO	Vérification de la base Live en cours
2018-06-09 08:24:31	INFO	FIN DE LA BOUCLE
2018-06-09 08:24:31	INFO	Vérification de la base Live en cours
2018-06-09 08:24:31	INFO	On peut démarrer un match
2018-06-09 08:24:31	INFO	Et c'est parti pour le 2e match de baby-foot à l'Avisia Arena!
2018-06-09 08:24:36	INFO	Buuuut des Bleus ! 09/06/2018 08:24:36
2018-06-09 08:24:41	INFO	Buuuut des Rouges ! 09/06/2018 08:24:41
2018-06-09 08:24:46	INFO	Buuuut des Bleus ! 09/06/2018 08:24:46
2018-06-09 08:24:51	INFO	Buuuut des Bleus ! 09/06/2018 08:24:51
2018-06-09 08:24:56	INFO	Buuuut des Bleus ! 09/06/2018 08:24:56
2018-06-09 08:25:01	INFO	Buuuut des Bleus ! 09/06/2018 08:25:01
2018-06-09 08:25:06	INFO	Buuuut des Bleus ! 09/06/2018 08:25:06
2018-06-09 08:25:11	INFO	Buuuut des Rouges ! 09/06/2018 08:25:11
2018-06-09 08:25:16	INFO	Buuuut des Bleus ! 09/06/2018 08:25:16
2018-06-09 08:25:21	INFO	Buuuut des Bleus ! 09/06/2018 08:25:21
2018-06-09 08:25:26	INFO	Buuuut des Rouges ! 09/06/2018 08:25:26
2018-06-09 08:25:31	INFO	Buuuut des Bleus ! 09/06/2018 08:25:31
2018-06-09 08:25:36	INFO	Buuuut des Rouges ! 09/06/2018 08:25:36
2018-06-09 08:25:41	INFO	Buuuut des Bleus ! 09/06/2018 08:25:41
2018-06-09 08:25:47	INFO	C'est donc terminé pour ce match. Victoire des Bleus
2018-06-09 08:25:47	INFO	PURGE DE LA TABLE LIVE_MATCH
2018-06-09 08:25:57	INFO	FIN DE LA BOUCLE
2018-06-09 08:25:57	INFO	Vérification de la base Live en cours
2018-06-09 08:26:07	INFO	FIN DE LA BOUCLE
2018-06-09 08:26:07	INFO	Vérification de la base Live en cours
2018-06-09 08:26:17	INFO	FIN DE LA BOUCLE
2018-06-09 08:26:17	INFO	Vérification de la base Live en cours
2018-06-09 08:26:27	INFO	FIN DE LA BOUCLE
2018-06-09 08:26:27	INFO	Vérification de la base Live en cours
2018-06-09 08:26:37	INFO	FIN DE LA BOUCLE
2018-06-09 08:26:37	INFO	Vérification de la base Live en cours
2018-06-09 08:26:47	INFO	FIN DE LA BOUCLE
2018-06-09 08:26:47	INFO	Vérification de la base Live en cours
2018-06-09 08:26:57	INFO	FIN DE LA BOUCLE
2018-06-09 08:26:57	INFO	Vérification de la base Live en cours
2018-06-09 08:27:07	INFO	FIN DE LA BOUCLE
2018-06-09 08:27:07	INFO	Vérification de la base Live en cours
2018-06-09 08:27:17	INFO	FIN DE LA BOUCLE
2018-06-09 08:27:17	INFO	Vérification de la base Live en cours
2018-06-09 08:27:27	INFO	FIN DE LA BOUCLE
2018-06-09 08:27:27	INFO	Vérification de la base Live en cours
2018-06-09 08:27:37	INFO	FIN DE LA BOUCLE
2018-06-09 08:27:37	INFO	Vérification de la base Live en cours
2018-06-09 08:27:47	INFO	FIN DE LA BOUCLE
2018-06-09 08:27:47	INFO	Vérification de la base Live en cours
2018-06-09 08:27:57	INFO	FIN DE LA BOUCLE
2018-06-09 08:27:57	INFO	Vérification de la base Live en cours
2018-06-09 08:28:07	INFO	FIN DE LA BOUCLE
2018-06-09 08:28:07	INFO	Vérification de la base Live en cours
2018-06-09 08:28:17	INFO	FIN DE LA BOUCLE
2018-06-09 08:28:17	INFO	Vérification de la base Live en cours
2018-06-09 08:28:27	INFO	FIN DE LA BOUCLE
2018-06-09 08:28:27	INFO	Vérification de la base Live en cours
2018-06-09 08:28:27	INFO	On peut démarrer un match
2018-06-09 08:28:27	INFO	Et c'est parti pour le 3e match de baby-foot à l'Avisia Arena!
2018-06-09 08:28:32	INFO	Buuuut des Bleus ! 09/06/2018 08:28:32
2018-06-09 08:28:37	INFO	Buuuut des Rouges ! 09/06/2018 08:28:37
2018-06-09 08:28:42	INFO	Buuuut des Bleus ! 09/06/2018 08:28:42
2018-06-09 08:28:47	INFO	Buuuut des Bleus ! 09/06/2018 08:28:47
2018-06-09 08:28:52	INFO	Buuuut des Bleus ! 09/06/2018 08:28:52
2018-06-09 08:28:57	INFO	Buuuut des Bleus ! 09/06/2018 08:28:57
2018-06-09 08:29:02	INFO	Buuuut des Bleus ! 09/06/2018 08:29:02
2018-06-09 08:29:07	INFO	Buuuut des Bleus ! 09/06/2018 08:29:07
2018-06-09 08:29:12	INFO	Buuuut des Rouges ! 09/06/2018 08:29:12
2018-06-09 08:29:17	INFO	Buuuut des Bleus ! 09/06/2018 08:29:17
2018-06-09 08:29:22	INFO	Buuuut des Rouges ! 09/06/2018 08:29:22
2018-06-09 08:29:27	INFO	Buuuut des Bleus ! 09/06/2018 08:29:27
2018-06-09 08:29:32	INFO	Buuuut des Bleus ! 09/06/2018 08:29:32
2018-06-09 08:29:37	INFO	C'est donc terminé pour ce match. Victoire des Bleus
2018-06-09 08:29:37	INFO	PURGE DE LA TABLE LIVE_MATCH
2018-06-09 08:29:47	INFO	FIN DE LA BOUCLE
2018-06-09 08:29:47	INFO	Vérification de la base Live en cours
2018-06-09 08:29:57	INFO	FIN DE LA BOUCLE
2018-06-09 08:29:57	INFO	Vérification de la base Live en cours
2018-06-09 08:30:07	INFO	FIN DE LA BOUCLE
2018-06-09 08:30:07	INFO	Vérification de la base Live en cours
2018-06-09 08:30:17	INFO	FIN DE LA BOUCLE
2018-06-09 08:30:17	INFO	Vérification de la base Live en cours
2018-06-09 08:30:27	INFO	FIN DE LA BOUCLE
2018-06-09 08:30:27	INFO	Vérification de la base Live en cours
2018-06-09 08:30:37	INFO	FIN DE LA BOUCLE
2018-06-09 08:30:37	INFO	Vérification de la base Live en cours
2018-06-09 08:30:47	INFO	FIN DE LA BOUCLE
2018-06-09 08:30:47	INFO	Vérification de la base Live en cours
2018-06-09 08:30:57	INFO	FIN DE LA BOUCLE
2018-06-09 08:30:57	INFO	Vérification de la base Live en cours
2018-06-09 08:31:07	INFO	FIN DE LA BOUCLE
2018-06-09 08:31:07	INFO	Vérification de la base Live en cours
2018-06-09 08:31:17	INFO	FIN DE LA BOUCLE
2018-06-09 08:31:17	INFO	Vérification de la base Live en cours
2018-06-09 08:31:27	INFO	FIN DE LA BOUCLE
2018-06-09 08:31:27	INFO	Vérification de la base Live en cours
2018-06-09 08:31:37	INFO	FIN DE LA BOUCLE
2018-06-09 08:31:37	INFO	Vérification de la base Live en cours
2018-06-09 08:31:47	INFO	FIN DE LA BOUCLE
2018-06-09 08:31:47	INFO	Vérification de la base Live en cours
2018-06-09 08:31:57	INFO	FIN DE LA BOUCLE
2018-06-09 08:31:57	INFO	Vérification de la base Live en cours
2018-06-09 08:32:07	INFO	FIN DE LA BOUCLE
2018-06-09 08:32:07	INFO	Vérification de la base Live en cours
2018-06-09 08:32:17	INFO	FIN DE LA BOUCLE
2018-06-09 08:32:17	INFO	Vérification de la base Live en cours
2018-06-09 08:32:27	INFO	FIN DE LA BOUCLE
2018-06-09 08:32:27	INFO	Vérification de la base Live en cours
2018-06-09 08:32:37	INFO	FIN DE LA BOUCLE
2018-06-09 08:32:37	INFO	Vérification de la base Live en cours
2018-06-09 08:32:47	INFO	FIN DE LA BOUCLE
2018-06-09 08:32:47	INFO	Vérification de la base Live en cours
2018-06-09 08:32:57	INFO	FIN DE LA BOUCLE
2018-06-09 08:32:57	INFO	Vérification de la base Live en cours
2018-06-09 08:33:07	INFO	FIN DE LA BOUCLE
2018-06-09 08:33:07	INFO	Vérification de la base Live en cours
2018-06-09 08:33:17	INFO	FIN DE LA BOUCLE
2018-06-09 08:33:17	INFO	Vérification de la base Live en cours
2018-06-09 08:33:27	INFO	FIN DE LA BOUCLE
2018-06-09 08:33:27	INFO	Vérification de la base Live en cours
2018-06-09 08:33:37	INFO	FIN DE LA BOUCLE
2018-06-09 08:33:37	INFO	Vérification de la base Live en cours
2018-06-09 08:33:47	INFO	FIN DE LA BOUCLE
2018-06-09 08:33:47	INFO	Vérification de la base Live en cours
2018-06-09 08:33:57	INFO	FIN DE LA BOUCLE
2018-06-09 08:33:57	INFO	Vérification de la base Live en cours
2018-06-09 08:34:07	INFO	FIN DE LA BOUCLE
2018-06-09 08:34:07	INFO	Vérification de la base Live en cours
2018-06-09 08:34:17	INFO	FIN DE LA BOUCLE
2018-06-09 08:34:17	INFO	Vérification de la base Live en cours
