2018-06-07 21:36:14	INFO	Server initialized for gevent.
2018-06-07 21:36:15	WARNING	 * Debugger is active!
2018-06-07 21:36:15	INFO	 * Debugger PIN: 229-382-953
2018-06-07 21:36:15	INFO	 * Running on http://127.0.0.1:5000/ (Press CTRL+C to quit)
2018-06-07 21:37:19	INFO	 * Detected change in 'C:\\Users\\FabSN\\Documents\\GitHub\\BabyFootConnecte\\app\\app.py', reloading
2018-06-07 21:37:21	INFO	Server initialized for gevent.
2018-06-07 21:37:21	WARNING	 * Debugger is active!
2018-06-07 21:37:21	INFO	 * Debugger PIN: 229-382-953
2018-06-07 21:37:21	INFO	 * Running on http://127.0.0.1:5000/ (Press CTRL+C to quit)
2018-06-07 21:38:33	INFO	127.0.0.1 - - [07/Jun/2018 21:38:33] "[37mGET /match_team HTTP/1.1[0m" 200 -
2018-06-07 21:40:10	INFO	127.0.0.1 - - [07/Jun/2018 21:40:10] "[37mGET / HTTP/1.1[0m" 200 -
2018-06-07 21:41:08	INFO	 * Detected change in 'C:\\Users\\FabSN\\Documents\\GitHub\\BabyFootConnecte\\app\\app.py', reloading
2018-06-07 21:41:10	INFO	Server initialized for gevent.
2018-06-07 21:41:10	WARNING	 * Debugger is active!
2018-06-07 21:41:10	INFO	 * Debugger PIN: 229-382-953
2018-06-07 21:41:10	INFO	 * Running on http://127.0.0.1:5000/ (Press CTRL+C to quit)
2018-06-07 21:41:22	INFO	127.0.0.1 - - [07/Jun/2018 21:41:22] "[37mGET /match_team HTTP/1.1[0m" 200 -
2018-06-07 21:41:25	INFO	127.0.0.1 - - [07/Jun/2018 21:41:25] "[37mGET /livematch HTTP/1.1[0m" 200 -
2018-06-07 21:41:25	INFO	4423d5b54c6b46179e4137ba91e69e5b: Sending packet OPEN data {'sid': '4423d5b54c6b46179e4137ba91e69e5b', 'upgrades': [], 'pingTimeout': 60000, 'pingInterval': 25000}
2018-06-07 21:41:25	INFO	4423d5b54c6b46179e4137ba91e69e5b: Sending packet MESSAGE data 0
2018-06-07 21:41:25	INFO	127.0.0.1 - - [07/Jun/2018 21:41:25] "[37mGET /socket.io/?EIO=3&transport=polling&t=1528400485288-0 HTTP/1.1[0m" 200 -
2018-06-07 21:41:25	INFO	4423d5b54c6b46179e4137ba91e69e5b: Received packet MESSAGE data 0/test
2018-06-07 21:41:25	INFO	4423d5b54c6b46179e4137ba91e69e5b: Sending packet MESSAGE data 0/test
2018-06-07 21:41:25	INFO	127.0.0.1 - - [07/Jun/2018 21:41:25] "[37mPOST /socket.io/?EIO=3&transport=polling&t=1528400485299-1&sid=4423d5b54c6b46179e4137ba91e69e5b HTTP/1.1[0m" 200 -
2018-06-07 21:41:25	INFO	127.0.0.1 - - [07/Jun/2018 21:41:25] "[37mGET /socket.io/?EIO=3&transport=polling&t=1528400485302-2&sid=4423d5b54c6b46179e4137ba91e69e5b HTTP/1.1[0m" 200 -
2018-06-07 21:41:25	INFO	emitting event "livematch" to all [/test]
2018-06-07 21:41:25	INFO	4423d5b54c6b46179e4137ba91e69e5b: Sending packet MESSAGE data 2/test,["livematch",{"score_b":0,"score_r":0}]
2018-06-07 21:41:25	INFO	127.0.0.1 - - [07/Jun/2018 21:41:25] "[37mGET /socket.io/?EIO=3&transport=polling&t=1528400485313-3&sid=4423d5b54c6b46179e4137ba91e69e5b HTTP/1.1[0m" 200 -
2018-06-07 21:41:26	INFO	emitting event "livematch" to all [/test]
2018-06-07 21:41:26	INFO	4423d5b54c6b46179e4137ba91e69e5b: Sending packet MESSAGE data 2/test,["livematch",{"score_b":0,"score_r":0}]
2018-06-07 21:41:27	INFO	emitting event "livematch" to all [/test]
2018-06-07 21:41:27	INFO	4423d5b54c6b46179e4137ba91e69e5b: Sending packet MESSAGE data 2/test,["livematch",{"score_b":0,"score_r":0}]
2018-06-07 21:41:28	INFO	emitting event "livematch" to all [/test]
2018-06-07 21:41:28	INFO	4423d5b54c6b46179e4137ba91e69e5b: Sending packet MESSAGE data 2/test,["livematch",{"score_b":0,"score_r":0}]
2018-06-07 21:41:29	INFO	emitting event "livematch" to all [/test]
2018-06-07 21:41:29	INFO	4423d5b54c6b46179e4137ba91e69e5b: Sending packet MESSAGE data 2/test,["livematch",{"score_b":0,"score_r":0}]
2018-06-07 21:41:30	INFO	emitting event "livematch" to all [/test]
2018-06-07 21:41:30	INFO	4423d5b54c6b46179e4137ba91e69e5b: Sending packet MESSAGE data 2/test,["livematch",{"score_b":0,"score_r":0}]
2018-06-07 21:41:31	INFO	emitting event "livematch" to all [/test]
2018-06-07 21:41:31	INFO	4423d5b54c6b46179e4137ba91e69e5b: Sending packet MESSAGE data 2/test,["livematch",{"score_b":0,"score_r":0}]
2018-06-07 21:41:32	INFO	emitting event "livematch" to all [/test]
2018-06-07 21:41:32	INFO	4423d5b54c6b46179e4137ba91e69e5b: Sending packet MESSAGE data 2/test,["livematch",{"score_b":0,"score_r":0}]
2018-06-07 21:41:33	INFO	emitting event "livematch" to all [/test]
2018-06-07 21:41:33	INFO	4423d5b54c6b46179e4137ba91e69e5b: Sending packet MESSAGE data 2/test,["livematch",{"score_b":0,"score_r":0}]
2018-06-07 21:41:34	INFO	emitting event "livematch" to all [/test]
2018-06-07 21:41:34	INFO	4423d5b54c6b46179e4137ba91e69e5b: Sending packet MESSAGE data 2/test,["livematch",{"score_b":0,"score_r":0}]
2018-06-07 21:41:35	INFO	emitting event "livematch" to all [/test]
2018-06-07 21:41:35	INFO	4423d5b54c6b46179e4137ba91e69e5b: Sending packet MESSAGE data 2/test,["livematch",{"score_b":0,"score_r":0}]
2018-06-07 21:41:36	INFO	emitting event "livematch" to all [/test]
2018-06-07 21:41:36	INFO	4423d5b54c6b46179e4137ba91e69e5b: Sending packet MESSAGE data 2/test,["livematch",{"score_b":0,"score_r":0}]
2018-06-07 21:41:37	INFO	emitting event "livematch" to all [/test]
2018-06-07 21:41:37	INFO	4423d5b54c6b46179e4137ba91e69e5b: Sending packet MESSAGE data 2/test,["livematch",{"score_b":0,"score_r":0}]
2018-06-07 21:41:38	INFO	emitting event "livematch" to all [/test]
2018-06-07 21:41:38	INFO	4423d5b54c6b46179e4137ba91e69e5b: Sending packet MESSAGE data 2/test,["livematch",{"score_b":0,"score_r":0}]
2018-06-07 21:41:39	INFO	emitting event "livematch" to all [/test]
2018-06-07 21:41:39	INFO	4423d5b54c6b46179e4137ba91e69e5b: Sending packet MESSAGE data 2/test,["livematch",{"score_b":0,"score_r":0}]
2018-06-07 21:41:40	INFO	emitting event "livematch" to all [/test]
2018-06-07 21:41:40	INFO	4423d5b54c6b46179e4137ba91e69e5b: Sending packet MESSAGE data 2/test,["livematch",{"score_b":0,"score_r":0}]
2018-06-07 21:41:41	INFO	emitting event "livematch" to all [/test]
2018-06-07 21:41:41	INFO	4423d5b54c6b46179e4137ba91e69e5b: Sending packet MESSAGE data 2/test,["livematch",{"score_b":0,"score_r":0}]
2018-06-07 21:41:42	INFO	emitting event "livematch" to all [/test]
2018-06-07 21:41:42	INFO	4423d5b54c6b46179e4137ba91e69e5b: Sending packet MESSAGE data 2/test,["livematch",{"score_b":0,"score_r":0}]
2018-06-07 21:41:43	INFO	emitting event "livematch" to all [/test]
2018-06-07 21:41:43	INFO	4423d5b54c6b46179e4137ba91e69e5b: Sending packet MESSAGE data 2/test,["livematch",{"score_b":0,"score_r":0}]
2018-06-07 21:41:44	INFO	emitting event "livematch" to all [/test]
2018-06-07 21:41:44	INFO	4423d5b54c6b46179e4137ba91e69e5b: Sending packet MESSAGE data 2/test,["livematch",{"score_b":0,"score_r":0}]
2018-06-07 21:41:45	INFO	emitting event "livematch" to all [/test]
2018-06-07 21:41:45	INFO	4423d5b54c6b46179e4137ba91e69e5b: Sending packet MESSAGE data 2/test,["livematch",{"score_b":0,"score_r":0}]
2018-06-07 21:41:46	INFO	emitting event "livematch" to all [/test]
2018-06-07 21:41:46	INFO	4423d5b54c6b46179e4137ba91e69e5b: Sending packet MESSAGE data 2/test,["livematch",{"score_b":0,"score_r":0}]
2018-06-07 21:41:47	INFO	emitting event "livematch" to all [/test]
2018-06-07 21:41:47	INFO	4423d5b54c6b46179e4137ba91e69e5b: Sending packet MESSAGE data 2/test,["livematch",{"score_b":0,"score_r":0}]
2018-06-07 21:41:48	INFO	emitting event "livematch" to all [/test]
2018-06-07 21:41:48	INFO	4423d5b54c6b46179e4137ba91e69e5b: Sending packet MESSAGE data 2/test,["livematch",{"score_b":0,"score_r":0}]
2018-06-07 21:41:49	INFO	emitting event "livematch" to all [/test]
2018-06-07 21:41:49	INFO	4423d5b54c6b46179e4137ba91e69e5b: Sending packet MESSAGE data 2/test,["livematch",{"score_b":0,"score_r":0}]
2018-06-07 21:41:50	INFO	emitting event "livematch" to all [/test]
2018-06-07 21:41:50	INFO	4423d5b54c6b46179e4137ba91e69e5b: Sending packet MESSAGE data 2/test,["livematch",{"score_b":0,"score_r":0}]
2018-06-07 21:41:51	INFO	emitting event "livematch" to all [/test]
2018-06-07 21:41:51	INFO	4423d5b54c6b46179e4137ba91e69e5b: Sending packet MESSAGE data 2/test,["livematch",{"score_b":0,"score_r":0}]
2018-06-07 21:41:52	INFO	emitting event "livematch" to all [/test]
2018-06-07 21:41:52	INFO	4423d5b54c6b46179e4137ba91e69e5b: Sending packet MESSAGE data 2/test,["livematch",{"score_b":0,"score_r":0}]
2018-06-07 21:41:53	INFO	emitting event "livematch" to all [/test]
2018-06-07 21:41:53	INFO	4423d5b54c6b46179e4137ba91e69e5b: Sending packet MESSAGE data 2/test,["livematch",{"score_b":0,"score_r":0}]
2018-06-07 21:41:54	INFO	emitting event "livematch" to all [/test]
2018-06-07 21:41:54	INFO	4423d5b54c6b46179e4137ba91e69e5b: Sending packet MESSAGE data 2/test,["livematch",{"score_b":0,"score_r":0}]
2018-06-07 21:41:55	INFO	emitting event "livematch" to all [/test]
2018-06-07 21:41:55	INFO	4423d5b54c6b46179e4137ba91e69e5b: Sending packet MESSAGE data 2/test,["livematch",{"score_b":0,"score_r":0}]
2018-06-07 21:41:56	INFO	emitting event "livematch" to all [/test]
2018-06-07 21:41:56	INFO	4423d5b54c6b46179e4137ba91e69e5b: Sending packet MESSAGE data 2/test,["livematch",{"score_b":0,"score_r":0}]
2018-06-07 21:41:57	INFO	emitting event "livematch" to all [/test]
2018-06-07 21:41:57	INFO	4423d5b54c6b46179e4137ba91e69e5b: Sending packet MESSAGE data 2/test,["livematch",{"score_b":0,"score_r":0}]
2018-06-07 21:41:58	INFO	emitting event "livematch" to all [/test]
2018-06-07 21:41:58	INFO	4423d5b54c6b46179e4137ba91e69e5b: Sending packet MESSAGE data 2/test,["livematch",{"score_b":0,"score_r":0}]
2018-06-07 21:41:59	INFO	emitting event "livematch" to all [/test]
2018-06-07 21:41:59	INFO	4423d5b54c6b46179e4137ba91e69e5b: Sending packet MESSAGE data 2/test,["livematch",{"score_b":0,"score_r":0}]
2018-06-07 21:42:00	INFO	emitting event "livematch" to all [/test]
2018-06-07 21:42:00	INFO	4423d5b54c6b46179e4137ba91e69e5b: Sending packet MESSAGE data 2/test,["livematch",{"score_b":0,"score_r":0}]
2018-06-07 21:42:01	INFO	emitting event "livematch" to all [/test]
2018-06-07 21:42:01	INFO	4423d5b54c6b46179e4137ba91e69e5b: Sending packet MESSAGE data 2/test,["livematch",{"score_b":0,"score_r":0}]
2018-06-07 21:42:02	INFO	emitting event "livematch" to all [/test]
2018-06-07 21:42:02	INFO	4423d5b54c6b46179e4137ba91e69e5b: Sending packet MESSAGE data 2/test,["livematch",{"score_b":0,"score_r":0}]
2018-06-07 21:42:03	INFO	emitting event "livematch" to all [/test]
2018-06-07 21:42:03	INFO	4423d5b54c6b46179e4137ba91e69e5b: Sending packet MESSAGE data 2/test,["livematch",{"score_b":0,"score_r":0}]
2018-06-07 21:42:04	INFO	emitting event "livematch" to all [/test]
2018-06-07 21:42:04	INFO	4423d5b54c6b46179e4137ba91e69e5b: Sending packet MESSAGE data 2/test,["livematch",{"score_b":0,"score_r":0}]
2018-06-07 21:42:05	INFO	emitting event "livematch" to all [/test]
2018-06-07 21:42:05	INFO	4423d5b54c6b46179e4137ba91e69e5b: Sending packet MESSAGE data 2/test,["livematch",{"score_b":0,"score_r":0}]
2018-06-07 21:42:06	INFO	emitting event "livematch" to all [/test]
2018-06-07 21:42:06	INFO	4423d5b54c6b46179e4137ba91e69e5b: Sending packet MESSAGE data 2/test,["livematch",{"score_b":0,"score_r":0}]
2018-06-07 21:42:07	INFO	emitting event "livematch" to all [/test]
2018-06-07 21:42:07	INFO	4423d5b54c6b46179e4137ba91e69e5b: Sending packet MESSAGE data 2/test,["livematch",{"score_b":0,"score_r":0}]
2018-06-07 21:42:08	INFO	emitting event "livematch" to all [/test]
2018-06-07 21:42:08	INFO	4423d5b54c6b46179e4137ba91e69e5b: Sending packet MESSAGE data 2/test,["livematch",{"score_b":0,"score_r":0}]
2018-06-07 21:42:09	INFO	emitting event "livematch" to all [/test]
2018-06-07 21:42:09	INFO	4423d5b54c6b46179e4137ba91e69e5b: Sending packet MESSAGE data 2/test,["livematch",{"score_b":0,"score_r":0}]
2018-06-07 21:42:10	INFO	emitting event "livematch" to all [/test]
2018-06-07 21:42:10	INFO	4423d5b54c6b46179e4137ba91e69e5b: Sending packet MESSAGE data 2/test,["livematch",{"score_b":0,"score_r":0}]
2018-06-07 21:42:11	INFO	emitting event "livematch" to all [/test]
2018-06-07 21:42:11	INFO	4423d5b54c6b46179e4137ba91e69e5b: Sending packet MESSAGE data 2/test,["livematch",{"score_b":0,"score_r":0}]
2018-06-07 21:42:12	INFO	emitting event "livematch" to all [/test]
2018-06-07 21:42:12	INFO	4423d5b54c6b46179e4137ba91e69e5b: Sending packet MESSAGE data 2/test,["livematch",{"score_b":0,"score_r":0}]
2018-06-07 21:42:13	INFO	emitting event "livematch" to all [/test]
2018-06-07 21:42:13	INFO	4423d5b54c6b46179e4137ba91e69e5b: Sending packet MESSAGE data 2/test,["livematch",{"score_b":0,"score_r":0}]
2018-06-07 21:42:14	INFO	emitting event "livematch" to all [/test]
2018-06-07 21:42:14	INFO	4423d5b54c6b46179e4137ba91e69e5b: Sending packet MESSAGE data 2/test,["livematch",{"score_b":0,"score_r":0}]
2018-06-07 21:42:15	INFO	emitting event "livematch" to all [/test]
2018-06-07 21:42:15	INFO	4423d5b54c6b46179e4137ba91e69e5b: Sending packet MESSAGE data 2/test,["livematch",{"score_b":0,"score_r":0}]
2018-06-07 21:42:16	INFO	emitting event "livematch" to all [/test]
2018-06-07 21:42:16	INFO	4423d5b54c6b46179e4137ba91e69e5b: Sending packet MESSAGE data 2/test,["livematch",{"score_b":0,"score_r":0}]
2018-06-07 21:42:17	INFO	emitting event "livematch" to all [/test]
2018-06-07 21:42:17	INFO	4423d5b54c6b46179e4137ba91e69e5b: Sending packet MESSAGE data 2/test,["livematch",{"score_b":0,"score_r":0}]
2018-06-07 21:42:18	INFO	emitting event "livematch" to all [/test]
2018-06-07 21:42:18	INFO	4423d5b54c6b46179e4137ba91e69e5b: Sending packet MESSAGE data 2/test,["livematch",{"score_b":0,"score_r":0}]
2018-06-07 21:42:19	INFO	emitting event "livematch" to all [/test]
2018-06-07 21:42:19	INFO	4423d5b54c6b46179e4137ba91e69e5b: Sending packet MESSAGE data 2/test,["livematch",{"score_b":0,"score_r":0}]
2018-06-07 21:42:20	INFO	emitting event "livematch" to all [/test]
2018-06-07 21:42:20	INFO	4423d5b54c6b46179e4137ba91e69e5b: Sending packet MESSAGE data 2/test,["livematch",{"score_b":0,"score_r":0}]
2018-06-07 21:42:21	INFO	emitting event "livematch" to all [/test]
2018-06-07 21:42:21	INFO	4423d5b54c6b46179e4137ba91e69e5b: Sending packet MESSAGE data 2/test,["livematch",{"score_b":0,"score_r":0}]
2018-06-07 21:42:22	INFO	emitting event "livematch" to all [/test]
2018-06-07 21:42:22	INFO	4423d5b54c6b46179e4137ba91e69e5b: Sending packet MESSAGE data 2/test,["livematch",{"score_b":0,"score_r":0}]
2018-06-07 21:42:23	INFO	emitting event "livematch" to all [/test]
2018-06-07 21:42:23	INFO	4423d5b54c6b46179e4137ba91e69e5b: Sending packet MESSAGE data 2/test,["livematch",{"score_b":0,"score_r":0}]
2018-06-07 21:42:24	INFO	emitting event "livematch" to all [/test]
2018-06-07 21:42:24	INFO	4423d5b54c6b46179e4137ba91e69e5b: Sending packet MESSAGE data 2/test,["livematch",{"score_b":0,"score_r":0}]
2018-06-07 21:42:25	INFO	127.0.0.1 - - [07/Jun/2018 21:42:25] "[37mGET /socket.io/?EIO=3&transport=polling&t=1528400485319-4&sid=4423d5b54c6b46179e4137ba91e69e5b HTTP/1.1[0m" 200 -
2018-06-07 21:42:25	INFO	127.0.0.1 - - [07/Jun/2018 21:42:25] "[37mGET /match_team HTTP/1.1[0m" 200 -
2018-06-07 21:42:25	INFO	4423d5b54c6b46179e4137ba91e69e5b: Received packet PING data None
2018-06-07 21:42:25	INFO	4423d5b54c6b46179e4137ba91e69e5b: Sending packet PONG data None
2018-06-07 21:42:25	INFO	127.0.0.1 - - [07/Jun/2018 21:42:25] "[37mPOST /socket.io/?EIO=3&transport=polling&t=1528400510302-5&sid=4423d5b54c6b46179e4137ba91e69e5b HTTP/1.1[0m" 200 -
2018-06-07 21:42:25	INFO	emitting event "livematch" to all [/test]
2018-06-07 21:42:25	INFO	4423d5b54c6b46179e4137ba91e69e5b: Sending packet MESSAGE data 2/test,["livematch",{"score_b":0,"score_r":0}]
2018-06-07 21:42:26	INFO	emitting event "livematch" to all [/test]
2018-06-07 21:42:26	INFO	4423d5b54c6b46179e4137ba91e69e5b: Sending packet MESSAGE data 2/test,["livematch",{"score_b":0,"score_r":0}]
2018-06-07 21:42:27	INFO	emitting event "livematch" to all [/test]
2018-06-07 21:42:27	INFO	4423d5b54c6b46179e4137ba91e69e5b: Sending packet MESSAGE data 2/test,["livematch",{"score_b":0,"score_r":0}]
2018-06-07 21:42:28	INFO	emitting event "livematch" to all [/test]
2018-06-07 21:42:28	INFO	4423d5b54c6b46179e4137ba91e69e5b: Sending packet MESSAGE data 2/test,["livematch",{"score_b":0,"score_r":0}]
2018-06-07 21:42:29	INFO	emitting event "livematch" to all [/test]
2018-06-07 21:42:29	INFO	4423d5b54c6b46179e4137ba91e69e5b: Sending packet MESSAGE data 2/test,["livematch",{"score_b":0,"score_r":0}]
2018-06-07 21:42:30	INFO	emitting event "livematch" to all [/test]
2018-06-07 21:42:30	INFO	4423d5b54c6b46179e4137ba91e69e5b: Sending packet MESSAGE data 2/test,["livematch",{"score_b":0,"score_r":0}]
2018-06-07 21:42:31	INFO	emitting event "livematch" to all [/test]
2018-06-07 21:42:31	INFO	4423d5b54c6b46179e4137ba91e69e5b: Sending packet MESSAGE data 2/test,["livematch",{"score_b":0,"score_r":0}]
2018-06-07 21:42:32	INFO	emitting event "livematch" to all [/test]
2018-06-07 21:42:32	INFO	4423d5b54c6b46179e4137ba91e69e5b: Sending packet MESSAGE data 2/test,["livematch",{"score_b":0,"score_r":0}]
2018-06-07 21:42:33	INFO	emitting event "livematch" to all [/test]
2018-06-07 21:42:33	INFO	4423d5b54c6b46179e4137ba91e69e5b: Sending packet MESSAGE data 2/test,["livematch",{"score_b":0,"score_r":0}]
2018-06-07 21:42:34	INFO	emitting event "livematch" to all [/test]
2018-06-07 21:42:34	INFO	4423d5b54c6b46179e4137ba91e69e5b: Sending packet MESSAGE data 2/test,["livematch",{"score_b":0,"score_r":0}]
2018-06-07 21:42:35	INFO	emitting event "livematch" to all [/test]
2018-06-07 21:42:35	INFO	4423d5b54c6b46179e4137ba91e69e5b: Sending packet MESSAGE data 2/test,["livematch",{"score_b":0,"score_r":0}]
2018-06-07 21:42:36	INFO	127.0.0.1 - - [07/Jun/2018 21:42:36] "[37mGET /livematch HTTP/1.1[0m" 200 -
2018-06-07 21:42:36	INFO	emitting event "livematch" to all [/test]
2018-06-07 21:42:36	INFO	4423d5b54c6b46179e4137ba91e69e5b: Sending packet MESSAGE data 2/test,["livematch",{"score_b":0,"score_r":0}]
2018-06-07 21:42:36	INFO	8a598c0000ff4f20be1d416677d5c365: Sending packet OPEN data {'sid': '8a598c0000ff4f20be1d416677d5c365', 'upgrades': [], 'pingTimeout': 60000, 'pingInterval': 25000}
2018-06-07 21:42:36	INFO	8a598c0000ff4f20be1d416677d5c365: Sending packet MESSAGE data 0
2018-06-07 21:42:36	INFO	127.0.0.1 - - [07/Jun/2018 21:42:36] "[37mGET /socket.io/?EIO=3&transport=polling&t=1528400556562-0 HTTP/1.1[0m" 200 -
2018-06-07 21:42:36	INFO	8a598c0000ff4f20be1d416677d5c365: Received packet MESSAGE data 0/test
2018-06-07 21:42:36	INFO	8a598c0000ff4f20be1d416677d5c365: Sending packet MESSAGE data 0/test
2018-06-07 21:42:36	INFO	127.0.0.1 - - [07/Jun/2018 21:42:36] "[37mPOST /socket.io/?EIO=3&transport=polling&t=1528400556574-1&sid=8a598c0000ff4f20be1d416677d5c365 HTTP/1.1[0m" 200 -
2018-06-07 21:42:36	INFO	127.0.0.1 - - [07/Jun/2018 21:42:36] "[37mGET /socket.io/?EIO=3&transport=polling&t=1528400556575-2&sid=8a598c0000ff4f20be1d416677d5c365 HTTP/1.1[0m" 200 -
2018-06-07 21:42:37	INFO	emitting event "livematch" to all [/test]
2018-06-07 21:42:37	INFO	4423d5b54c6b46179e4137ba91e69e5b: Sending packet MESSAGE data 2/test,["livematch",{"score_b":0,"score_r":0}]
2018-06-07 21:42:37	INFO	8a598c0000ff4f20be1d416677d5c365: Sending packet MESSAGE data 2/test,["livematch",{"score_b":0,"score_r":0}]
2018-06-07 21:42:38	INFO	emitting event "livematch" to all [/test]
2018-06-07 21:42:38	INFO	4423d5b54c6b46179e4137ba91e69e5b: Sending packet MESSAGE data 2/test,["livematch",{"score_b":0,"score_r":0}]
2018-06-07 21:42:38	INFO	8a598c0000ff4f20be1d416677d5c365: Sending packet MESSAGE data 2/test,["livematch",{"score_b":0,"score_r":0}]
2018-06-07 21:42:39	INFO	emitting event "livematch" to all [/test]
2018-06-07 21:42:39	INFO	4423d5b54c6b46179e4137ba91e69e5b: Sending packet MESSAGE data 2/test,["livematch",{"score_b":0,"score_r":0}]
2018-06-07 21:42:39	INFO	8a598c0000ff4f20be1d416677d5c365: Sending packet MESSAGE data 2/test,["livematch",{"score_b":0,"score_r":0}]
2018-06-07 21:42:40	INFO	emitting event "livematch" to all [/test]
2018-06-07 21:42:40	INFO	4423d5b54c6b46179e4137ba91e69e5b: Sending packet MESSAGE data 2/test,["livematch",{"score_b":0,"score_r":0}]
2018-06-07 21:42:40	INFO	8a598c0000ff4f20be1d416677d5c365: Sending packet MESSAGE data 2/test,["livematch",{"score_b":0,"score_r":0}]
2018-06-07 21:42:41	INFO	emitting event "livematch" to all [/test]
2018-06-07 21:42:41	INFO	4423d5b54c6b46179e4137ba91e69e5b: Sending packet MESSAGE data 2/test,["livematch",{"score_b":0,"score_r":0}]
2018-06-07 21:42:41	INFO	8a598c0000ff4f20be1d416677d5c365: Sending packet MESSAGE data 2/test,["livematch",{"score_b":0,"score_r":0}]
2018-06-07 21:42:42	INFO	emitting event "livematch" to all [/test]
2018-06-07 21:42:42	INFO	4423d5b54c6b46179e4137ba91e69e5b: Sending packet MESSAGE data 2/test,["livematch",{"score_b":0,"score_r":0}]
2018-06-07 21:42:42	INFO	8a598c0000ff4f20be1d416677d5c365: Sending packet MESSAGE data 2/test,["livematch",{"score_b":0,"score_r":0}]
2018-06-07 21:42:43	INFO	emitting event "livematch" to all [/test]
2018-06-07 21:42:43	INFO	4423d5b54c6b46179e4137ba91e69e5b: Sending packet MESSAGE data 2/test,["livematch",{"score_b":0,"score_r":0}]
2018-06-07 21:42:43	INFO	8a598c0000ff4f20be1d416677d5c365: Sending packet MESSAGE data 2/test,["livematch",{"score_b":0,"score_r":0}]
2018-06-07 21:42:44	INFO	emitting event "livematch" to all [/test]
2018-06-07 21:42:44	INFO	4423d5b54c6b46179e4137ba91e69e5b: Sending packet MESSAGE data 2/test,["livematch",{"score_b":0,"score_r":0}]
2018-06-07 21:42:44	INFO	8a598c0000ff4f20be1d416677d5c365: Sending packet MESSAGE data 2/test,["livematch",{"score_b":0,"score_r":0}]
2018-06-07 21:42:54	INFO	Server initialized for gevent.
2018-06-07 21:42:54	INFO	 * Restarting with stat
2018-06-07 21:42:56	INFO	Server initialized for gevent.
2018-06-07 21:42:56	WARNING	 * Debugger is active!
2018-06-07 21:42:56	INFO	 * Debugger PIN: 229-382-953
2018-06-07 21:42:56	INFO	 * Running on http://127.0.0.1:5000/ (Press CTRL+C to quit)
2018-06-07 21:42:58	INFO	127.0.0.1 - - [07/Jun/2018 21:42:58] "[37mGET / HTTP/1.1[0m" 200 -
2018-06-07 21:43:05	INFO	127.0.0.1 - - [07/Jun/2018 21:43:05] "[37mGET /match_team HTTP/1.1[0m" 200 -
2018-06-07 21:43:22	INFO	127.0.0.1 - - [07/Jun/2018 21:43:22] "[37mGET /livematch HTTP/1.1[0m" 200 -
2018-06-07 21:43:22	INFO	0cecd0b93cc2442f9253cb88eb42dfb9: Sending packet OPEN data {'sid': '0cecd0b93cc2442f9253cb88eb42dfb9', 'upgrades': [], 'pingTimeout': 60000, 'pingInterval': 25000}
2018-06-07 21:43:22	INFO	0cecd0b93cc2442f9253cb88eb42dfb9: Sending packet MESSAGE data 0
2018-06-07 21:43:22	INFO	127.0.0.1 - - [07/Jun/2018 21:43:22] "[37mGET /socket.io/?EIO=3&transport=polling&t=1528400602472-0 HTTP/1.1[0m" 200 -
2018-06-07 21:43:22	INFO	0cecd0b93cc2442f9253cb88eb42dfb9: Received packet MESSAGE data 0/test
2018-06-07 21:43:22	INFO	0cecd0b93cc2442f9253cb88eb42dfb9: Sending packet MESSAGE data 0/test
2018-06-07 21:43:22	INFO	127.0.0.1 - - [07/Jun/2018 21:43:22] "[37mPOST /socket.io/?EIO=3&transport=polling&t=1528400602487-1&sid=0cecd0b93cc2442f9253cb88eb42dfb9 HTTP/1.1[0m" 200 -
2018-06-07 21:43:22	INFO	127.0.0.1 - - [07/Jun/2018 21:43:22] "[37mGET /socket.io/?EIO=3&transport=polling&t=1528400602488-2&sid=0cecd0b93cc2442f9253cb88eb42dfb9 HTTP/1.1[0m" 200 -
2018-06-07 21:43:22	INFO	emitting event "livematch" to all [/test]
2018-06-07 21:43:22	INFO	0cecd0b93cc2442f9253cb88eb42dfb9: Sending packet MESSAGE data 2/test,["livematch",{"score_b":0,"score_r":0}]
2018-06-07 21:43:22	INFO	127.0.0.1 - - [07/Jun/2018 21:43:22] "[37mGET /socket.io/?EIO=3&transport=polling&t=1528400602502-3&sid=0cecd0b93cc2442f9253cb88eb42dfb9 HTTP/1.1[0m" 200 -
2018-06-07 21:43:23	INFO	emitting event "livematch" to all [/test]
2018-06-07 21:43:23	INFO	0cecd0b93cc2442f9253cb88eb42dfb9: Sending packet MESSAGE data 2/test,["livematch",{"score_b":0,"score_r":0}]
2018-06-07 21:43:24	INFO	emitting event "livematch" to all [/test]
2018-06-07 21:43:24	INFO	0cecd0b93cc2442f9253cb88eb42dfb9: Sending packet MESSAGE data 2/test,["livematch",{"score_b":0,"score_r":0}]
2018-06-07 21:43:25	INFO	emitting event "livematch" to all [/test]
2018-06-07 21:43:25	INFO	0cecd0b93cc2442f9253cb88eb42dfb9: Sending packet MESSAGE data 2/test,["livematch",{"score_b":0,"score_r":0}]
2018-06-07 21:43:26	INFO	emitting event "livematch" to all [/test]
2018-06-07 21:43:26	INFO	0cecd0b93cc2442f9253cb88eb42dfb9: Sending packet MESSAGE data 2/test,["livematch",{"score_b":0,"score_r":0}]
2018-06-07 21:43:27	INFO	emitting event "livematch" to all [/test]
2018-06-07 21:43:27	INFO	0cecd0b93cc2442f9253cb88eb42dfb9: Sending packet MESSAGE data 2/test,["livematch",{"score_b":0,"score_r":0}]
2018-06-07 21:43:28	INFO	emitting event "livematch" to all [/test]
2018-06-07 21:43:28	INFO	0cecd0b93cc2442f9253cb88eb42dfb9: Sending packet MESSAGE data 2/test,["livematch",{"score_b":0,"score_r":0}]
2018-06-07 21:43:29	INFO	emitting event "livematch" to all [/test]
2018-06-07 21:43:29	INFO	0cecd0b93cc2442f9253cb88eb42dfb9: Sending packet MESSAGE data 2/test,["livematch",{"score_b":0,"score_r":0}]
2018-06-07 21:43:30	INFO	emitting event "livematch" to all [/test]
2018-06-07 21:43:30	INFO	0cecd0b93cc2442f9253cb88eb42dfb9: Sending packet MESSAGE data 2/test,["livematch",{"score_b":0,"score_r":0}]
2018-06-07 21:43:31	INFO	emitting event "livematch" to all [/test]
2018-06-07 21:43:31	INFO	0cecd0b93cc2442f9253cb88eb42dfb9: Sending packet MESSAGE data 2/test,["livematch",{"score_b":0,"score_r":0}]
2018-06-07 21:43:32	INFO	emitting event "livematch" to all [/test]
2018-06-07 21:43:32	INFO	0cecd0b93cc2442f9253cb88eb42dfb9: Sending packet MESSAGE data 2/test,["livematch",{"score_b":0,"score_r":0}]
2018-06-07 21:43:33	INFO	emitting event "livematch" to all [/test]
2018-06-07 21:43:33	INFO	0cecd0b93cc2442f9253cb88eb42dfb9: Sending packet MESSAGE data 2/test,["livematch",{"score_b":0,"score_r":0}]
2018-06-07 21:43:34	INFO	emitting event "livematch" to all [/test]
2018-06-07 21:43:34	INFO	0cecd0b93cc2442f9253cb88eb42dfb9: Sending packet MESSAGE data 2/test,["livematch",{"score_b":0,"score_r":0}]
2018-06-07 21:43:35	INFO	emitting event "livematch" to all [/test]
2018-06-07 21:43:35	INFO	0cecd0b93cc2442f9253cb88eb42dfb9: Sending packet MESSAGE data 2/test,["livematch",{"score_b":0,"score_r":0}]
2018-06-07 21:43:36	INFO	emitting event "livematch" to all [/test]
2018-06-07 21:43:36	INFO	0cecd0b93cc2442f9253cb88eb42dfb9: Sending packet MESSAGE data 2/test,["livematch",{"score_b":0,"score_r":0}]
2018-06-07 21:43:37	INFO	emitting event "livematch" to all [/test]
2018-06-07 21:43:37	INFO	0cecd0b93cc2442f9253cb88eb42dfb9: Sending packet MESSAGE data 2/test,["livematch",{"score_b":0,"score_r":0}]
2018-06-07 21:43:38	INFO	emitting event "livematch" to all [/test]
2018-06-07 21:43:38	INFO	0cecd0b93cc2442f9253cb88eb42dfb9: Sending packet MESSAGE data 2/test,["livematch",{"score_b":0,"score_r":0}]
2018-06-07 21:43:39	INFO	emitting event "livematch" to all [/test]
2018-06-07 21:43:39	INFO	0cecd0b93cc2442f9253cb88eb42dfb9: Sending packet MESSAGE data 2/test,["livematch",{"score_b":0,"score_r":0}]
2018-06-07 21:43:40	INFO	emitting event "livematch" to all [/test]
2018-06-07 21:43:40	INFO	0cecd0b93cc2442f9253cb88eb42dfb9: Sending packet MESSAGE data 2/test,["livematch",{"score_b":0,"score_r":0}]
2018-06-07 21:43:41	INFO	emitting event "livematch" to all [/test]
2018-06-07 21:43:41	INFO	0cecd0b93cc2442f9253cb88eb42dfb9: Sending packet MESSAGE data 2/test,["livematch",{"score_b":0,"score_r":0}]
2018-06-07 21:43:42	INFO	emitting event "livematch" to all [/test]
2018-06-07 21:43:42	INFO	0cecd0b93cc2442f9253cb88eb42dfb9: Sending packet MESSAGE data 2/test,["livematch",{"score_b":0,"score_r":0}]
2018-06-07 21:43:43	INFO	emitting event "livematch" to all [/test]
2018-06-07 21:43:43	INFO	0cecd0b93cc2442f9253cb88eb42dfb9: Sending packet MESSAGE data 2/test,["livematch",{"score_b":0,"score_r":0}]
2018-06-07 21:43:44	INFO	emitting event "livematch" to all [/test]
2018-06-07 21:43:44	INFO	0cecd0b93cc2442f9253cb88eb42dfb9: Sending packet MESSAGE data 2/test,["livematch",{"score_b":0,"score_r":0}]
2018-06-07 21:43:45	INFO	emitting event "livematch" to all [/test]
2018-06-07 21:43:45	INFO	0cecd0b93cc2442f9253cb88eb42dfb9: Sending packet MESSAGE data 2/test,["livematch",{"score_b":0,"score_r":0}]
2018-06-07 21:43:46	INFO	emitting event "livematch" to all [/test]
2018-06-07 21:43:46	INFO	0cecd0b93cc2442f9253cb88eb42dfb9: Sending packet MESSAGE data 2/test,["livematch",{"score_b":0,"score_r":0}]
2018-06-07 21:43:47	INFO	emitting event "livematch" to all [/test]
2018-06-07 21:43:47	INFO	0cecd0b93cc2442f9253cb88eb42dfb9: Sending packet MESSAGE data 2/test,["livematch",{"score_b":0,"score_r":0}]
2018-06-07 21:43:48	INFO	emitting event "livematch" to all [/test]
2018-06-07 21:43:48	INFO	0cecd0b93cc2442f9253cb88eb42dfb9: Sending packet MESSAGE data 2/test,["livematch",{"score_b":0,"score_r":0}]
2018-06-07 21:43:49	INFO	emitting event "livematch" to all [/test]
2018-06-07 21:43:49	INFO	0cecd0b93cc2442f9253cb88eb42dfb9: Sending packet MESSAGE data 2/test,["livematch",{"score_b":0,"score_r":0}]
2018-06-07 21:43:50	INFO	emitting event "livematch" to all [/test]
2018-06-07 21:43:50	INFO	0cecd0b93cc2442f9253cb88eb42dfb9: Sending packet MESSAGE data 2/test,["livematch",{"score_b":0,"score_r":0}]
2018-06-07 21:43:51	INFO	emitting event "livematch" to all [/test]
2018-06-07 21:43:51	INFO	0cecd0b93cc2442f9253cb88eb42dfb9: Sending packet MESSAGE data 2/test,["livematch",{"score_b":0,"score_r":0}]
2018-06-07 21:43:52	INFO	emitting event "livematch" to all [/test]
2018-06-07 21:43:52	INFO	0cecd0b93cc2442f9253cb88eb42dfb9: Sending packet MESSAGE data 2/test,["livematch",{"score_b":0,"score_r":0}]
2018-06-07 21:43:53	INFO	emitting event "livematch" to all [/test]
2018-06-07 21:43:53	INFO	0cecd0b93cc2442f9253cb88eb42dfb9: Sending packet MESSAGE data 2/test,["livematch",{"score_b":0,"score_r":0}]
2018-06-07 21:43:54	INFO	emitting event "livematch" to all [/test]
2018-06-07 21:43:54	INFO	0cecd0b93cc2442f9253cb88eb42dfb9: Sending packet MESSAGE data 2/test,["livematch",{"score_b":0,"score_r":0}]
2018-06-07 21:43:55	INFO	emitting event "livematch" to all [/test]
2018-06-07 21:43:55	INFO	0cecd0b93cc2442f9253cb88eb42dfb9: Sending packet MESSAGE data 2/test,["livematch",{"score_b":0,"score_r":0}]
2018-06-07 21:43:56	INFO	emitting event "livematch" to all [/test]
2018-06-07 21:43:56	INFO	0cecd0b93cc2442f9253cb88eb42dfb9: Sending packet MESSAGE data 2/test,["livematch",{"score_b":0,"score_r":0}]
2018-06-07 21:43:57	INFO	emitting event "livematch" to all [/test]
2018-06-07 21:43:57	INFO	0cecd0b93cc2442f9253cb88eb42dfb9: Sending packet MESSAGE data 2/test,["livematch",{"score_b":0,"score_r":0}]
2018-06-07 21:43:58	INFO	emitting event "livematch" to all [/test]
2018-06-07 21:43:58	INFO	0cecd0b93cc2442f9253cb88eb42dfb9: Sending packet MESSAGE data 2/test,["livematch",{"score_b":0,"score_r":0}]
2018-06-07 21:43:59	INFO	emitting event "livematch" to all [/test]
2018-06-07 21:43:59	INFO	0cecd0b93cc2442f9253cb88eb42dfb9: Sending packet MESSAGE data 2/test,["livematch",{"score_b":0,"score_r":0}]
2018-06-07 21:44:00	INFO	emitting event "livematch" to all [/test]
2018-06-07 21:44:00	INFO	0cecd0b93cc2442f9253cb88eb42dfb9: Sending packet MESSAGE data 2/test,["livematch",{"score_b":0,"score_r":0}]
2018-06-07 21:44:01	INFO	emitting event "livematch" to all [/test]
2018-06-07 21:44:01	INFO	0cecd0b93cc2442f9253cb88eb42dfb9: Sending packet MESSAGE data 2/test,["livematch",{"score_b":0,"score_r":0}]
2018-06-07 21:44:02	INFO	emitting event "livematch" to all [/test]
2018-06-07 21:44:02	INFO	0cecd0b93cc2442f9253cb88eb42dfb9: Sending packet MESSAGE data 2/test,["livematch",{"score_b":0,"score_r":0}]
2018-06-07 21:44:03	INFO	emitting event "livematch" to all [/test]
2018-06-07 21:44:03	INFO	0cecd0b93cc2442f9253cb88eb42dfb9: Sending packet MESSAGE data 2/test,["livematch",{"score_b":0,"score_r":0}]
2018-06-07 21:44:04	INFO	emitting event "livematch" to all [/test]
2018-06-07 21:44:04	INFO	0cecd0b93cc2442f9253cb88eb42dfb9: Sending packet MESSAGE data 2/test,["livematch",{"score_b":0,"score_r":0}]
2018-06-07 21:44:05	INFO	emitting event "livematch" to all [/test]
2018-06-07 21:44:05	INFO	0cecd0b93cc2442f9253cb88eb42dfb9: Sending packet MESSAGE data 2/test,["livematch",{"score_b":0,"score_r":0}]
2018-06-07 21:44:06	INFO	emitting event "livematch" to all [/test]
2018-06-07 21:44:06	INFO	0cecd0b93cc2442f9253cb88eb42dfb9: Sending packet MESSAGE data 2/test,["livematch",{"score_b":0,"score_r":0}]
2018-06-07 21:44:07	INFO	emitting event "livematch" to all [/test]
2018-06-07 21:44:07	INFO	0cecd0b93cc2442f9253cb88eb42dfb9: Sending packet MESSAGE data 2/test,["livematch",{"score_b":0,"score_r":0}]
2018-06-07 21:44:08	INFO	emitting event "livematch" to all [/test]
2018-06-07 21:44:08	INFO	0cecd0b93cc2442f9253cb88eb42dfb9: Sending packet MESSAGE data 2/test,["livematch",{"score_b":0,"score_r":0}]
2018-06-07 21:44:09	INFO	emitting event "livematch" to all [/test]
2018-06-07 21:44:09	INFO	0cecd0b93cc2442f9253cb88eb42dfb9: Sending packet MESSAGE data 2/test,["livematch",{"score_b":0,"score_r":0}]
2018-06-07 21:44:10	INFO	emitting event "livematch" to all [/test]
2018-06-07 21:44:10	INFO	0cecd0b93cc2442f9253cb88eb42dfb9: Sending packet MESSAGE data 2/test,["livematch",{"score_b":0,"score_r":0}]
2018-06-07 21:44:11	INFO	emitting event "livematch" to all [/test]
2018-06-07 21:44:11	INFO	0cecd0b93cc2442f9253cb88eb42dfb9: Sending packet MESSAGE data 2/test,["livematch",{"score_b":0,"score_r":0}]
2018-06-07 21:44:12	INFO	emitting event "livematch" to all [/test]
2018-06-07 21:44:12	INFO	0cecd0b93cc2442f9253cb88eb42dfb9: Sending packet MESSAGE data 2/test,["livematch",{"score_b":0,"score_r":0}]
2018-06-07 21:44:13	INFO	emitting event "livematch" to all [/test]
2018-06-07 21:44:13	INFO	0cecd0b93cc2442f9253cb88eb42dfb9: Sending packet MESSAGE data 2/test,["livematch",{"score_b":0,"score_r":0}]
2018-06-07 21:44:14	INFO	emitting event "livematch" to all [/test]
2018-06-07 21:44:14	INFO	0cecd0b93cc2442f9253cb88eb42dfb9: Sending packet MESSAGE data 2/test,["livematch",{"score_b":0,"score_r":0}]
2018-06-07 21:44:15	INFO	emitting event "livematch" to all [/test]
2018-06-07 21:44:15	INFO	0cecd0b93cc2442f9253cb88eb42dfb9: Sending packet MESSAGE data 2/test,["livematch",{"score_b":0,"score_r":0}]
2018-06-07 21:44:16	INFO	emitting event "livematch" to all [/test]
2018-06-07 21:44:16	INFO	0cecd0b93cc2442f9253cb88eb42dfb9: Sending packet MESSAGE data 2/test,["livematch",{"score_b":0,"score_r":0}]
2018-06-07 21:44:17	INFO	emitting event "livematch" to all [/test]
2018-06-07 21:44:17	INFO	0cecd0b93cc2442f9253cb88eb42dfb9: Sending packet MESSAGE data 2/test,["livematch",{"score_b":0,"score_r":0}]
2018-06-07 21:44:18	INFO	emitting event "livematch" to all [/test]
2018-06-07 21:44:18	INFO	0cecd0b93cc2442f9253cb88eb42dfb9: Sending packet MESSAGE data 2/test,["livematch",{"score_b":0,"score_r":0}]
2018-06-07 21:44:19	INFO	emitting event "livematch" to all [/test]
2018-06-07 21:44:19	INFO	0cecd0b93cc2442f9253cb88eb42dfb9: Sending packet MESSAGE data 2/test,["livematch",{"score_b":0,"score_r":0}]
2018-06-07 21:44:20	INFO	emitting event "livematch" to all [/test]
2018-06-07 21:44:20	INFO	0cecd0b93cc2442f9253cb88eb42dfb9: Sending packet MESSAGE data 2/test,["livematch",{"score_b":0,"score_r":0}]
2018-06-07 21:44:21	INFO	emitting event "livematch" to all [/test]
2018-06-07 21:44:21	INFO	0cecd0b93cc2442f9253cb88eb42dfb9: Sending packet MESSAGE data 2/test,["livematch",{"score_b":0,"score_r":0}]
2018-06-07 21:44:22	INFO	127.0.0.1 - - [07/Jun/2018 21:44:22] "[37mGET /socket.io/?EIO=3&transport=polling&t=1528400602506-4&sid=0cecd0b93cc2442f9253cb88eb42dfb9 HTTP/1.1[0m" 200 -
2018-06-07 21:44:22	INFO	127.0.0.1 - - [07/Jun/2018 21:44:22] "[37mGET /match_team HTTP/1.1[0m" 200 -
2018-06-07 21:44:22	INFO	0cecd0b93cc2442f9253cb88eb42dfb9: Received packet PING data None
2018-06-07 21:44:22	INFO	0cecd0b93cc2442f9253cb88eb42dfb9: Sending packet PONG data None
2018-06-07 21:44:22	INFO	127.0.0.1 - - [07/Jun/2018 21:44:22] "[37mPOST /socket.io/?EIO=3&transport=polling&t=1528400627489-5&sid=0cecd0b93cc2442f9253cb88eb42dfb9 HTTP/1.1[0m" 200 -
2018-06-07 21:44:22	INFO	127.0.0.1 - - [07/Jun/2018 21:44:22] "[37mGET /players HTTP/1.1[0m" 200 -
2018-06-07 21:44:22	INFO	emitting event "livematch" to all [/test]
2018-06-07 21:44:22	INFO	0cecd0b93cc2442f9253cb88eb42dfb9: Sending packet MESSAGE data 2/test,["livematch",{"score_b":0,"score_r":0}]
2018-06-07 21:44:23	INFO	emitting event "livematch" to all [/test]
2018-06-07 21:44:23	INFO	0cecd0b93cc2442f9253cb88eb42dfb9: Sending packet MESSAGE data 2/test,["livematch",{"score_b":0,"score_r":0}]
2018-06-07 21:44:24	INFO	emitting event "livematch" to all [/test]
2018-06-07 21:44:24	INFO	0cecd0b93cc2442f9253cb88eb42dfb9: Sending packet MESSAGE data 2/test,["livematch",{"score_b":0,"score_r":0}]
2018-06-07 21:44:25	INFO	emitting event "livematch" to all [/test]
2018-06-07 21:44:25	INFO	0cecd0b93cc2442f9253cb88eb42dfb9: Sending packet MESSAGE data 2/test,["livematch",{"score_b":0,"score_r":0}]
2018-06-07 21:44:26	INFO	emitting event "livematch" to all [/test]
2018-06-07 21:44:26	INFO	0cecd0b93cc2442f9253cb88eb42dfb9: Sending packet MESSAGE data 2/test,["livematch",{"score_b":0,"score_r":0}]
2018-06-07 21:44:27	INFO	emitting event "livematch" to all [/test]
2018-06-07 21:44:27	INFO	0cecd0b93cc2442f9253cb88eb42dfb9: Sending packet MESSAGE data 2/test,["livematch",{"score_b":0,"score_r":0}]
2018-06-07 21:44:28	INFO	emitting event "livematch" to all [/test]
2018-06-07 21:44:28	INFO	0cecd0b93cc2442f9253cb88eb42dfb9: Sending packet MESSAGE data 2/test,["livematch",{"score_b":0,"score_r":0}]
2018-06-07 21:44:29	INFO	emitting event "livematch" to all [/test]
2018-06-07 21:44:29	INFO	0cecd0b93cc2442f9253cb88eb42dfb9: Sending packet MESSAGE data 2/test,["livematch",{"score_b":0,"score_r":0}]
2018-06-07 21:44:30	INFO	emitting event "livematch" to all [/test]
2018-06-07 21:44:30	INFO	0cecd0b93cc2442f9253cb88eb42dfb9: Sending packet MESSAGE data 2/test,["livematch",{"score_b":0,"score_r":0}]
2018-06-07 21:44:31	INFO	emitting event "livematch" to all [/test]
2018-06-07 21:44:31	INFO	0cecd0b93cc2442f9253cb88eb42dfb9: Sending packet MESSAGE data 2/test,["livematch",{"score_b":0,"score_r":0}]
2018-06-07 21:44:32	INFO	emitting event "livematch" to all [/test]
2018-06-07 21:44:32	INFO	0cecd0b93cc2442f9253cb88eb42dfb9: Sending packet MESSAGE data 2/test,["livematch",{"score_b":0,"score_r":0}]
2018-06-07 21:44:33	INFO	emitting event "livematch" to all [/test]
2018-06-07 21:44:33	INFO	0cecd0b93cc2442f9253cb88eb42dfb9: Sending packet MESSAGE data 2/test,["livematch",{"score_b":0,"score_r":0}]
2018-06-07 21:44:34	INFO	emitting event "livematch" to all [/test]
2018-06-07 21:44:34	INFO	0cecd0b93cc2442f9253cb88eb42dfb9: Sending packet MESSAGE data 2/test,["livematch",{"score_b":0,"score_r":0}]
2018-06-07 21:44:35	INFO	emitting event "livematch" to all [/test]
2018-06-07 21:44:35	INFO	0cecd0b93cc2442f9253cb88eb42dfb9: Sending packet MESSAGE data 2/test,["livematch",{"score_b":0,"score_r":0}]
2018-06-07 21:44:36	INFO	emitting event "livematch" to all [/test]
2018-06-07 21:44:36	INFO	0cecd0b93cc2442f9253cb88eb42dfb9: Sending packet MESSAGE data 2/test,["livematch",{"score_b":0,"score_r":0}]
2018-06-07 21:44:37	INFO	emitting event "livematch" to all [/test]
2018-06-07 21:44:37	INFO	0cecd0b93cc2442f9253cb88eb42dfb9: Sending packet MESSAGE data 2/test,["livematch",{"score_b":0,"score_r":0}]
2018-06-07 21:44:38	INFO	emitting event "livematch" to all [/test]
2018-06-07 21:44:38	INFO	0cecd0b93cc2442f9253cb88eb42dfb9: Sending packet MESSAGE data 2/test,["livematch",{"score_b":0,"score_r":0}]
2018-06-07 21:44:39	INFO	emitting event "livematch" to all [/test]
2018-06-07 21:44:39	INFO	0cecd0b93cc2442f9253cb88eb42dfb9: Sending packet MESSAGE data 2/test,["livematch",{"score_b":0,"score_r":0}]
2018-06-07 21:44:40	INFO	emitting event "livematch" to all [/test]
2018-06-07 21:44:40	INFO	0cecd0b93cc2442f9253cb88eb42dfb9: Sending packet MESSAGE data 2/test,["livematch",{"score_b":0,"score_r":0}]
2018-06-07 21:44:41	INFO	emitting event "livematch" to all [/test]
2018-06-07 21:44:41	INFO	0cecd0b93cc2442f9253cb88eb42dfb9: Sending packet MESSAGE data 2/test,["livematch",{"score_b":0,"score_r":0}]
2018-06-07 21:44:42	INFO	emitting event "livematch" to all [/test]
2018-06-07 21:44:42	INFO	0cecd0b93cc2442f9253cb88eb42dfb9: Sending packet MESSAGE data 2/test,["livematch",{"score_b":0,"score_r":0}]
2018-06-07 21:44:43	INFO	127.0.0.1 - - [07/Jun/2018 21:44:43] "[37mGET / HTTP/1.1[0m" 200 -
2018-06-07 21:44:43	INFO	emitting event "livematch" to all [/test]
2018-06-07 21:44:43	INFO	0cecd0b93cc2442f9253cb88eb42dfb9: Sending packet MESSAGE data 2/test,["livematch",{"score_b":"/","score_r":"/"}]
2018-06-07 21:44:44	INFO	emitting event "livematch" to all [/test]
2018-06-07 21:44:44	INFO	0cecd0b93cc2442f9253cb88eb42dfb9: Sending packet MESSAGE data 2/test,["livematch",{"score_b":"/","score_r":"/"}]
2018-06-07 21:44:45	INFO	emitting event "livematch" to all [/test]
2018-06-07 21:44:45	INFO	0cecd0b93cc2442f9253cb88eb42dfb9: Sending packet MESSAGE data 2/test,["livematch",{"score_b":"/","score_r":"/"}]
2018-06-07 21:44:46	INFO	emitting event "livematch" to all [/test]
2018-06-07 21:44:46	INFO	0cecd0b93cc2442f9253cb88eb42dfb9: Sending packet MESSAGE data 2/test,["livematch",{"score_b":"/","score_r":"/"}]
2018-06-07 21:44:47	INFO	emitting event "livematch" to all [/test]
2018-06-07 21:44:47	INFO	0cecd0b93cc2442f9253cb88eb42dfb9: Sending packet MESSAGE data 2/test,["livematch",{"score_b":"/","score_r":"/"}]
2018-06-07 21:44:48	INFO	emitting event "livematch" to all [/test]
2018-06-07 21:44:48	INFO	0cecd0b93cc2442f9253cb88eb42dfb9: Sending packet MESSAGE data 2/test,["livematch",{"score_b":"/","score_r":"/"}]
2018-06-07 21:44:49	INFO	emitting event "livematch" to all [/test]
2018-06-07 21:44:49	INFO	0cecd0b93cc2442f9253cb88eb42dfb9: Sending packet MESSAGE data 2/test,["livematch",{"score_b":"/","score_r":"/"}]
2018-06-07 21:44:49	INFO	127.0.0.1 - - [07/Jun/2018 21:44:49] "[37mGET /match_team HTTP/1.1[0m" 200 -
2018-06-07 21:44:50	INFO	emitting event "livematch" to all [/test]
2018-06-07 21:44:50	INFO	0cecd0b93cc2442f9253cb88eb42dfb9: Sending packet MESSAGE data 2/test,["livematch",{"score_b":"/","score_r":"/"}]
2018-06-07 21:44:51	INFO	127.0.0.1 - - [07/Jun/2018 21:44:51] "[37mGET /livematch HTTP/1.1[0m" 200 -
2018-06-07 21:44:51	INFO	4fe4914e04ea4484b19c373fd0125dd8: Sending packet OPEN data {'sid': '4fe4914e04ea4484b19c373fd0125dd8', 'upgrades': [], 'pingTimeout': 60000, 'pingInterval': 25000}
2018-06-07 21:44:51	INFO	4fe4914e04ea4484b19c373fd0125dd8: Sending packet MESSAGE data 0
2018-06-07 21:44:51	INFO	127.0.0.1 - - [07/Jun/2018 21:44:51] "[37mGET /socket.io/?EIO=3&transport=polling&t=1528400691420-0 HTTP/1.1[0m" 200 -
2018-06-07 21:44:51	INFO	4fe4914e04ea4484b19c373fd0125dd8: Received packet MESSAGE data 0/test
2018-06-07 21:44:51	INFO	4fe4914e04ea4484b19c373fd0125dd8: Sending packet MESSAGE data 0/test
2018-06-07 21:44:51	INFO	127.0.0.1 - - [07/Jun/2018 21:44:51] "[37mPOST /socket.io/?EIO=3&transport=polling&t=1528400691431-1&sid=4fe4914e04ea4484b19c373fd0125dd8 HTTP/1.1[0m" 200 -
2018-06-07 21:44:51	INFO	127.0.0.1 - - [07/Jun/2018 21:44:51] "[37mGET /socket.io/?EIO=3&transport=polling&t=1528400691431-2&sid=4fe4914e04ea4484b19c373fd0125dd8 HTTP/1.1[0m" 200 -
2018-06-07 21:44:51	INFO	emitting event "livematch" to all [/test]
2018-06-07 21:44:51	INFO	0cecd0b93cc2442f9253cb88eb42dfb9: Sending packet MESSAGE data 2/test,["livematch",{"score_b":0,"score_r":0}]
2018-06-07 21:44:51	INFO	4fe4914e04ea4484b19c373fd0125dd8: Sending packet MESSAGE data 2/test,["livematch",{"score_b":0,"score_r":0}]
2018-06-07 21:44:52	INFO	emitting event "livematch" to all [/test]
2018-06-07 21:44:52	INFO	0cecd0b93cc2442f9253cb88eb42dfb9: Sending packet MESSAGE data 2/test,["livematch",{"score_b":0,"score_r":0}]
2018-06-07 21:44:52	INFO	4fe4914e04ea4484b19c373fd0125dd8: Sending packet MESSAGE data 2/test,["livematch",{"score_b":0,"score_r":0}]
2018-06-07 21:44:53	INFO	emitting event "livematch" to all [/test]
2018-06-07 21:44:53	INFO	0cecd0b93cc2442f9253cb88eb42dfb9: Sending packet MESSAGE data 2/test,["livematch",{"score_b":0,"score_r":0}]
2018-06-07 21:44:53	INFO	4fe4914e04ea4484b19c373fd0125dd8: Sending packet MESSAGE data 2/test,["livematch",{"score_b":0,"score_r":0}]
2018-06-07 21:44:54	INFO	emitting event "livematch" to all [/test]
2018-06-07 21:44:54	INFO	0cecd0b93cc2442f9253cb88eb42dfb9: Sending packet MESSAGE data 2/test,["livematch",{"score_b":0,"score_r":0}]
2018-06-07 21:44:54	INFO	4fe4914e04ea4484b19c373fd0125dd8: Sending packet MESSAGE data 2/test,["livematch",{"score_b":0,"score_r":0}]
2018-06-07 21:44:55	INFO	emitting event "livematch" to all [/test]
2018-06-07 21:44:55	INFO	0cecd0b93cc2442f9253cb88eb42dfb9: Sending packet MESSAGE data 2/test,["livematch",{"score_b":0,"score_r":0}]
2018-06-07 21:44:55	INFO	4fe4914e04ea4484b19c373fd0125dd8: Sending packet MESSAGE data 2/test,["livematch",{"score_b":0,"score_r":0}]
2018-06-07 21:44:56	INFO	emitting event "livematch" to all [/test]
2018-06-07 21:44:56	INFO	0cecd0b93cc2442f9253cb88eb42dfb9: Sending packet MESSAGE data 2/test,["livematch",{"score_b":0,"score_r":0}]
2018-06-07 21:44:56	INFO	4fe4914e04ea4484b19c373fd0125dd8: Sending packet MESSAGE data 2/test,["livematch",{"score_b":0,"score_r":0}]
2018-06-07 21:44:57	INFO	emitting event "livematch" to all [/test]
2018-06-07 21:44:57	INFO	0cecd0b93cc2442f9253cb88eb42dfb9: Sending packet MESSAGE data 2/test,["livematch",{"score_b":0,"score_r":0}]
2018-06-07 21:44:57	INFO	4fe4914e04ea4484b19c373fd0125dd8: Sending packet MESSAGE data 2/test,["livematch",{"score_b":0,"score_r":0}]
2018-06-07 21:44:58	INFO	emitting event "livematch" to all [/test]
2018-06-07 21:44:58	INFO	0cecd0b93cc2442f9253cb88eb42dfb9: Sending packet MESSAGE data 2/test,["livematch",{"score_b":0,"score_r":0}]
2018-06-07 21:44:58	INFO	4fe4914e04ea4484b19c373fd0125dd8: Sending packet MESSAGE data 2/test,["livematch",{"score_b":0,"score_r":0}]
2018-06-07 21:44:59	INFO	emitting event "livematch" to all [/test]
2018-06-07 21:44:59	INFO	0cecd0b93cc2442f9253cb88eb42dfb9: Sending packet MESSAGE data 2/test,["livematch",{"score_b":0,"score_r":0}]
2018-06-07 21:44:59	INFO	4fe4914e04ea4484b19c373fd0125dd8: Sending packet MESSAGE data 2/test,["livematch",{"score_b":0,"score_r":0}]
2018-06-07 21:45:00	INFO	emitting event "livematch" to all [/test]
2018-06-07 21:45:00	INFO	0cecd0b93cc2442f9253cb88eb42dfb9: Sending packet MESSAGE data 2/test,["livematch",{"score_b":0,"score_r":0}]
2018-06-07 21:45:00	INFO	4fe4914e04ea4484b19c373fd0125dd8: Sending packet MESSAGE data 2/test,["livematch",{"score_b":0,"score_r":0}]
2018-06-07 21:45:01	INFO	emitting event "livematch" to all [/test]
2018-06-07 21:45:01	INFO	0cecd0b93cc2442f9253cb88eb42dfb9: Sending packet MESSAGE data 2/test,["livematch",{"score_b":0,"score_r":0}]
2018-06-07 21:45:01	INFO	4fe4914e04ea4484b19c373fd0125dd8: Sending packet MESSAGE data 2/test,["livematch",{"score_b":0,"score_r":0}]
2018-06-07 21:45:02	INFO	emitting event "livematch" to all [/test]
2018-06-07 21:45:02	INFO	0cecd0b93cc2442f9253cb88eb42dfb9: Sending packet MESSAGE data 2/test,["livematch",{"score_b":0,"score_r":0}]
2018-06-07 21:45:02	INFO	4fe4914e04ea4484b19c373fd0125dd8: Sending packet MESSAGE data 2/test,["livematch",{"score_b":0,"score_r":0}]
2018-06-07 21:45:03	INFO	emitting event "livematch" to all [/test]
2018-06-07 21:45:03	INFO	0cecd0b93cc2442f9253cb88eb42dfb9: Sending packet MESSAGE data 2/test,["livematch",{"score_b":0,"score_r":0}]
2018-06-07 21:45:03	INFO	4fe4914e04ea4484b19c373fd0125dd8: Sending packet MESSAGE data 2/test,["livematch",{"score_b":0,"score_r":0}]
2018-06-07 21:45:04	INFO	emitting event "livematch" to all [/test]
2018-06-07 21:45:04	INFO	0cecd0b93cc2442f9253cb88eb42dfb9: Sending packet MESSAGE data 2/test,["livematch",{"score_b":0,"score_r":0}]
2018-06-07 21:45:04	INFO	4fe4914e04ea4484b19c373fd0125dd8: Sending packet MESSAGE data 2/test,["livematch",{"score_b":0,"score_r":0}]
2018-06-07 21:45:05	INFO	emitting event "livematch" to all [/test]
2018-06-07 21:45:05	INFO	0cecd0b93cc2442f9253cb88eb42dfb9: Sending packet MESSAGE data 2/test,["livematch",{"score_b":0,"score_r":0}]
2018-06-07 21:45:05	INFO	4fe4914e04ea4484b19c373fd0125dd8: Sending packet MESSAGE data 2/test,["livematch",{"score_b":0,"score_r":0}]
2018-06-07 21:45:06	INFO	emitting event "livematch" to all [/test]
2018-06-07 21:45:06	INFO	0cecd0b93cc2442f9253cb88eb42dfb9: Sending packet MESSAGE data 2/test,["livematch",{"score_b":0,"score_r":0}]
2018-06-07 21:45:06	INFO	4fe4914e04ea4484b19c373fd0125dd8: Sending packet MESSAGE data 2/test,["livematch",{"score_b":0,"score_r":0}]
2018-06-07 21:45:07	INFO	emitting event "livematch" to all [/test]
2018-06-07 21:45:07	INFO	0cecd0b93cc2442f9253cb88eb42dfb9: Sending packet MESSAGE data 2/test,["livematch",{"score_b":0,"score_r":0}]
2018-06-07 21:45:07	INFO	4fe4914e04ea4484b19c373fd0125dd8: Sending packet MESSAGE data 2/test,["livematch",{"score_b":0,"score_r":0}]
2018-06-07 21:45:08	INFO	emitting event "livematch" to all [/test]
2018-06-07 21:45:08	INFO	0cecd0b93cc2442f9253cb88eb42dfb9: Sending packet MESSAGE data 2/test,["livematch",{"score_b":0,"score_r":0}]
2018-06-07 21:45:08	INFO	4fe4914e04ea4484b19c373fd0125dd8: Sending packet MESSAGE data 2/test,["livematch",{"score_b":0,"score_r":0}]
2018-06-07 21:45:09	INFO	emitting event "livematch" to all [/test]
2018-06-07 21:45:09	INFO	0cecd0b93cc2442f9253cb88eb42dfb9: Sending packet MESSAGE data 2/test,["livematch",{"score_b":0,"score_r":0}]
2018-06-07 21:45:09	INFO	4fe4914e04ea4484b19c373fd0125dd8: Sending packet MESSAGE data 2/test,["livematch",{"score_b":0,"score_r":0}]
2018-06-07 21:45:10	INFO	emitting event "livematch" to all [/test]
2018-06-07 21:45:10	INFO	0cecd0b93cc2442f9253cb88eb42dfb9: Sending packet MESSAGE data 2/test,["livematch",{"score_b":0,"score_r":0}]
2018-06-07 21:45:10	INFO	4fe4914e04ea4484b19c373fd0125dd8: Sending packet MESSAGE data 2/test,["livematch",{"score_b":0,"score_r":0}]
2018-06-07 21:45:11	INFO	emitting event "livematch" to all [/test]
2018-06-07 21:45:11	INFO	0cecd0b93cc2442f9253cb88eb42dfb9: Sending packet MESSAGE data 2/test,["livematch",{"score_b":0,"score_r":0}]
2018-06-07 21:45:11	INFO	4fe4914e04ea4484b19c373fd0125dd8: Sending packet MESSAGE data 2/test,["livematch",{"score_b":0,"score_r":0}]
2018-06-07 21:45:12	INFO	emitting event "livematch" to all [/test]
2018-06-07 21:45:12	INFO	0cecd0b93cc2442f9253cb88eb42dfb9: Sending packet MESSAGE data 2/test,["livematch",{"score_b":0,"score_r":0}]
2018-06-07 21:45:12	INFO	4fe4914e04ea4484b19c373fd0125dd8: Sending packet MESSAGE data 2/test,["livematch",{"score_b":0,"score_r":0}]
2018-06-07 21:45:13	INFO	emitting event "livematch" to all [/test]
2018-06-07 21:45:13	INFO	0cecd0b93cc2442f9253cb88eb42dfb9: Sending packet MESSAGE data 2/test,["livematch",{"score_b":0,"score_r":0}]
2018-06-07 21:45:13	INFO	4fe4914e04ea4484b19c373fd0125dd8: Sending packet MESSAGE data 2/test,["livematch",{"score_b":0,"score_r":0}]
2018-06-07 21:45:14	INFO	emitting event "livematch" to all [/test]
2018-06-07 21:45:14	INFO	0cecd0b93cc2442f9253cb88eb42dfb9: Sending packet MESSAGE data 2/test,["livematch",{"score_b":0,"score_r":0}]
2018-06-07 21:45:14	INFO	4fe4914e04ea4484b19c373fd0125dd8: Sending packet MESSAGE data 2/test,["livematch",{"score_b":0,"score_r":0}]
2018-06-07 21:45:15	INFO	emitting event "livematch" to all [/test]
2018-06-07 21:45:15	INFO	0cecd0b93cc2442f9253cb88eb42dfb9: Sending packet MESSAGE data 2/test,["livematch",{"score_b":0,"score_r":0}]
2018-06-07 21:45:15	INFO	4fe4914e04ea4484b19c373fd0125dd8: Sending packet MESSAGE data 2/test,["livematch",{"score_b":0,"score_r":0}]
2018-06-07 21:45:16	INFO	emitting event "livematch" to all [/test]
2018-06-07 21:45:16	INFO	0cecd0b93cc2442f9253cb88eb42dfb9: Sending packet MESSAGE data 2/test,["livematch",{"score_b":0,"score_r":0}]
2018-06-07 21:45:16	INFO	4fe4914e04ea4484b19c373fd0125dd8: Sending packet MESSAGE data 2/test,["livematch",{"score_b":0,"score_r":0}]
2018-06-07 21:45:17	INFO	emitting event "livematch" to all [/test]
2018-06-07 21:45:17	INFO	0cecd0b93cc2442f9253cb88eb42dfb9: Sending packet MESSAGE data 2/test,["livematch",{"score_b":0,"score_r":0}]
2018-06-07 21:45:17	INFO	4fe4914e04ea4484b19c373fd0125dd8: Sending packet MESSAGE data 2/test,["livematch",{"score_b":0,"score_r":0}]
2018-06-07 21:45:18	INFO	emitting event "livematch" to all [/test]
2018-06-07 21:45:18	INFO	0cecd0b93cc2442f9253cb88eb42dfb9: Sending packet MESSAGE data 2/test,["livematch",{"score_b":0,"score_r":0}]
2018-06-07 21:45:18	INFO	4fe4914e04ea4484b19c373fd0125dd8: Sending packet MESSAGE data 2/test,["livematch",{"score_b":0,"score_r":0}]
2018-06-07 21:45:19	INFO	emitting event "livematch" to all [/test]
2018-06-07 21:45:19	INFO	0cecd0b93cc2442f9253cb88eb42dfb9: Sending packet MESSAGE data 2/test,["livematch",{"score_b":0,"score_r":0}]
2018-06-07 21:45:19	INFO	4fe4914e04ea4484b19c373fd0125dd8: Sending packet MESSAGE data 2/test,["livematch",{"score_b":0,"score_r":0}]
2018-06-07 21:45:20	INFO	emitting event "livematch" to all [/test]
2018-06-07 21:45:20	INFO	0cecd0b93cc2442f9253cb88eb42dfb9: Sending packet MESSAGE data 2/test,["livematch",{"score_b":0,"score_r":0}]
2018-06-07 21:45:20	INFO	4fe4914e04ea4484b19c373fd0125dd8: Sending packet MESSAGE data 2/test,["livematch",{"score_b":0,"score_r":0}]
2018-06-07 21:45:21	INFO	emitting event "livematch" to all [/test]
2018-06-07 21:45:21	INFO	0cecd0b93cc2442f9253cb88eb42dfb9: Sending packet MESSAGE data 2/test,["livematch",{"score_b":0,"score_r":0}]
2018-06-07 21:45:21	INFO	4fe4914e04ea4484b19c373fd0125dd8: Sending packet MESSAGE data 2/test,["livematch",{"score_b":0,"score_r":0}]
2018-06-07 21:45:22	INFO	emitting event "livematch" to all [/test]
2018-06-07 21:45:22	INFO	0cecd0b93cc2442f9253cb88eb42dfb9: Client is gone, closing socket
2018-06-07 21:45:22	INFO	Client disconnected
2018-06-07 21:45:22	INFO	4fe4914e04ea4484b19c373fd0125dd8: Sending packet MESSAGE data 2/test,["livematch",{"score_b":0,"score_r":0}]
2018-06-07 21:45:23	INFO	emitting event "livematch" to all [/test]
2018-06-07 21:45:23	INFO	4fe4914e04ea4484b19c373fd0125dd8: Sending packet MESSAGE data 2/test,["livematch",{"score_b":0,"score_r":0}]
2018-06-07 21:45:24	INFO	emitting event "livematch" to all [/test]
2018-06-07 21:45:24	INFO	4fe4914e04ea4484b19c373fd0125dd8: Sending packet MESSAGE data 2/test,["livematch",{"score_b":0,"score_r":0}]
2018-06-07 21:45:25	INFO	emitting event "livematch" to all [/test]
2018-06-07 21:45:25	INFO	4fe4914e04ea4484b19c373fd0125dd8: Sending packet MESSAGE data 2/test,["livematch",{"score_b":0,"score_r":0}]
2018-06-07 21:45:26	INFO	emitting event "livematch" to all [/test]
2018-06-07 21:45:26	INFO	4fe4914e04ea4484b19c373fd0125dd8: Sending packet MESSAGE data 2/test,["livematch",{"score_b":0,"score_r":0}]
2018-06-07 21:45:27	INFO	emitting event "livematch" to all [/test]
2018-06-07 21:45:27	INFO	4fe4914e04ea4484b19c373fd0125dd8: Sending packet MESSAGE data 2/test,["livematch",{"score_b":0,"score_r":0}]
2018-06-07 21:45:28	INFO	emitting event "livematch" to all [/test]
2018-06-07 21:45:28	INFO	4fe4914e04ea4484b19c373fd0125dd8: Sending packet MESSAGE data 2/test,["livematch",{"score_b":0,"score_r":0}]
2018-06-07 21:45:29	INFO	emitting event "livematch" to all [/test]
2018-06-07 21:45:29	INFO	4fe4914e04ea4484b19c373fd0125dd8: Sending packet MESSAGE data 2/test,["livematch",{"score_b":0,"score_r":0}]
2018-06-07 21:45:30	INFO	emitting event "livematch" to all [/test]
2018-06-07 21:45:30	INFO	4fe4914e04ea4484b19c373fd0125dd8: Sending packet MESSAGE data 2/test,["livematch",{"score_b":0,"score_r":0}]
2018-06-07 21:45:31	INFO	emitting event "livematch" to all [/test]
2018-06-07 21:45:31	INFO	4fe4914e04ea4484b19c373fd0125dd8: Sending packet MESSAGE data 2/test,["livematch",{"score_b":0,"score_r":0}]
2018-06-07 21:45:32	INFO	emitting event "livematch" to all [/test]
2018-06-07 21:45:32	INFO	4fe4914e04ea4484b19c373fd0125dd8: Sending packet MESSAGE data 2/test,["livematch",{"score_b":0,"score_r":0}]
2018-06-07 21:45:33	INFO	emitting event "livematch" to all [/test]
2018-06-07 21:45:33	INFO	4fe4914e04ea4484b19c373fd0125dd8: Sending packet MESSAGE data 2/test,["livematch",{"score_b":0,"score_r":0}]
2018-06-07 21:45:34	INFO	emitting event "livematch" to all [/test]
2018-06-07 21:45:34	INFO	4fe4914e04ea4484b19c373fd0125dd8: Sending packet MESSAGE data 2/test,["livematch",{"score_b":0,"score_r":0}]
2018-06-07 21:45:35	INFO	emitting event "livematch" to all [/test]
2018-06-07 21:45:35	INFO	4fe4914e04ea4484b19c373fd0125dd8: Sending packet MESSAGE data 2/test,["livematch",{"score_b":0,"score_r":0}]
2018-06-07 21:45:36	INFO	emitting event "livematch" to all [/test]
2018-06-07 21:45:36	INFO	4fe4914e04ea4484b19c373fd0125dd8: Sending packet MESSAGE data 2/test,["livematch",{"score_b":0,"score_r":0}]
2018-06-07 21:45:37	INFO	emitting event "livematch" to all [/test]
2018-06-07 21:45:37	INFO	4fe4914e04ea4484b19c373fd0125dd8: Sending packet MESSAGE data 2/test,["livematch",{"score_b":0,"score_r":0}]
2018-06-07 21:45:38	INFO	emitting event "livematch" to all [/test]
2018-06-07 21:45:38	INFO	4fe4914e04ea4484b19c373fd0125dd8: Sending packet MESSAGE data 2/test,["livematch",{"score_b":0,"score_r":0}]
2018-06-07 21:45:39	INFO	emitting event "livematch" to all [/test]
2018-06-07 21:45:39	INFO	4fe4914e04ea4484b19c373fd0125dd8: Sending packet MESSAGE data 2/test,["livematch",{"score_b":0,"score_r":0}]
2018-06-07 21:45:40	INFO	emitting event "livematch" to all [/test]
2018-06-07 21:45:40	INFO	4fe4914e04ea4484b19c373fd0125dd8: Sending packet MESSAGE data 2/test,["livematch",{"score_b":0,"score_r":0}]
2018-06-07 21:45:41	INFO	emitting event "livematch" to all [/test]
2018-06-07 21:45:41	INFO	4fe4914e04ea4484b19c373fd0125dd8: Sending packet MESSAGE data 2/test,["livematch",{"score_b":0,"score_r":0}]
2018-06-07 21:45:42	INFO	emitting event "livematch" to all [/test]
2018-06-07 21:45:42	INFO	4fe4914e04ea4484b19c373fd0125dd8: Sending packet MESSAGE data 2/test,["livematch",{"score_b":0,"score_r":0}]
2018-06-07 21:45:43	INFO	emitting event "livematch" to all [/test]
2018-06-07 21:45:43	INFO	4fe4914e04ea4484b19c373fd0125dd8: Sending packet MESSAGE data 2/test,["livematch",{"score_b":0,"score_r":0}]
2018-06-07 21:45:44	INFO	emitting event "livematch" to all [/test]
2018-06-07 21:45:44	INFO	4fe4914e04ea4484b19c373fd0125dd8: Sending packet MESSAGE data 2/test,["livematch",{"score_b":0,"score_r":0}]
2018-06-07 21:45:45	INFO	emitting event "livematch" to all [/test]
2018-06-07 21:45:45	INFO	4fe4914e04ea4484b19c373fd0125dd8: Sending packet MESSAGE data 2/test,["livematch",{"score_b":0,"score_r":0}]
2018-06-07 21:45:46	INFO	emitting event "livematch" to all [/test]
2018-06-07 21:45:46	INFO	4fe4914e04ea4484b19c373fd0125dd8: Sending packet MESSAGE data 2/test,["livematch",{"score_b":0,"score_r":0}]
2018-06-07 21:45:47	INFO	emitting event "livematch" to all [/test]
2018-06-07 21:45:47	INFO	4fe4914e04ea4484b19c373fd0125dd8: Sending packet MESSAGE data 2/test,["livematch",{"score_b":0,"score_r":0}]
2018-06-07 21:45:48	INFO	emitting event "livematch" to all [/test]
2018-06-07 21:45:48	INFO	4fe4914e04ea4484b19c373fd0125dd8: Sending packet MESSAGE data 2/test,["livematch",{"score_b":0,"score_r":0}]
2018-06-07 21:45:49	INFO	emitting event "livematch" to all [/test]
2018-06-07 21:45:49	INFO	4fe4914e04ea4484b19c373fd0125dd8: Sending packet MESSAGE data 2/test,["livematch",{"score_b":0,"score_r":0}]
2018-06-07 21:45:50	INFO	emitting event "livematch" to all [/test]
2018-06-07 21:45:50	INFO	4fe4914e04ea4484b19c373fd0125dd8: Sending packet MESSAGE data 2/test,["livematch",{"score_b":0,"score_r":0}]
2018-06-07 21:45:51	INFO	127.0.0.1 - - [07/Jun/2018 21:45:51] "[37mGET /socket.io/?EIO=3&transport=polling&t=1528400691453-3&sid=4fe4914e04ea4484b19c373fd0125dd8 HTTP/1.1[0m" 200 -
2018-06-07 21:45:51	INFO	127.0.0.1 - - [07/Jun/2018 21:45:51] "[37mGET /players HTTP/1.1[0m" 200 -
2018-06-07 21:45:51	INFO	4fe4914e04ea4484b19c373fd0125dd8: Received packet PING data None
2018-06-07 21:45:51	INFO	4fe4914e04ea4484b19c373fd0125dd8: Sending packet PONG data None
2018-06-07 21:45:51	INFO	127.0.0.1 - - [07/Jun/2018 21:45:51] "[37mPOST /socket.io/?EIO=3&transport=polling&t=1528400716432-4&sid=4fe4914e04ea4484b19c373fd0125dd8 HTTP/1.1[0m" 200 -
2018-06-07 21:45:51	INFO	127.0.0.1 - - [07/Jun/2018 21:45:51] "[37mGET / HTTP/1.1[0m" 200 -
2018-06-07 21:45:51	INFO	127.0.0.1 - - [07/Jun/2018 21:45:51] "[37mGET / HTTP/1.1[0m" 200 -
2018-06-07 21:45:51	INFO	emitting event "livematch" to all [/test]
2018-06-07 21:45:51	INFO	4fe4914e04ea4484b19c373fd0125dd8: Sending packet MESSAGE data 2/test,["livematch",{"score_b":"/","score_r":"/"}]
2018-06-07 21:45:52	INFO	emitting event "livematch" to all [/test]
2018-06-07 21:45:52	INFO	4fe4914e04ea4484b19c373fd0125dd8: Sending packet MESSAGE data 2/test,["livematch",{"score_b":"/","score_r":"/"}]
2018-06-07 21:45:53	INFO	emitting event "livematch" to all [/test]
2018-06-07 21:45:53	INFO	4fe4914e04ea4484b19c373fd0125dd8: Sending packet MESSAGE data 2/test,["livematch",{"score_b":"/","score_r":"/"}]
2018-06-07 21:45:54	INFO	emitting event "livematch" to all [/test]
2018-06-07 21:45:54	INFO	4fe4914e04ea4484b19c373fd0125dd8: Sending packet MESSAGE data 2/test,["livematch",{"score_b":"/","score_r":"/"}]
2018-06-07 21:45:55	INFO	emitting event "livematch" to all [/test]
2018-06-07 21:45:55	INFO	4fe4914e04ea4484b19c373fd0125dd8: Sending packet MESSAGE data 2/test,["livematch",{"score_b":"/","score_r":"/"}]
2018-06-07 21:45:56	INFO	emitting event "livematch" to all [/test]
2018-06-07 21:45:56	INFO	4fe4914e04ea4484b19c373fd0125dd8: Sending packet MESSAGE data 2/test,["livematch",{"score_b":"/","score_r":"/"}]
2018-06-07 21:45:57	INFO	emitting event "livematch" to all [/test]
2018-06-07 21:45:57	INFO	4fe4914e04ea4484b19c373fd0125dd8: Sending packet MESSAGE data 2/test,["livematch",{"score_b":"/","score_r":"/"}]
2018-06-07 21:45:58	INFO	emitting event "livematch" to all [/test]
2018-06-07 21:45:58	INFO	4fe4914e04ea4484b19c373fd0125dd8: Sending packet MESSAGE data 2/test,["livematch",{"score_b":"/","score_r":"/"}]
2018-06-07 21:45:59	INFO	emitting event "livematch" to all [/test]
2018-06-07 21:45:59	INFO	4fe4914e04ea4484b19c373fd0125dd8: Sending packet MESSAGE data 2/test,["livematch",{"score_b":"/","score_r":"/"}]
2018-06-07 21:46:00	INFO	emitting event "livematch" to all [/test]
2018-06-07 21:46:00	INFO	4fe4914e04ea4484b19c373fd0125dd8: Sending packet MESSAGE data 2/test,["livematch",{"score_b":"/","score_r":"/"}]
2018-06-07 21:46:01	INFO	emitting event "livematch" to all [/test]
2018-06-07 21:46:01	INFO	4fe4914e04ea4484b19c373fd0125dd8: Sending packet MESSAGE data 2/test,["livematch",{"score_b":"/","score_r":"/"}]
2018-06-07 21:46:02	INFO	emitting event "livematch" to all [/test]
2018-06-07 21:46:02	INFO	4fe4914e04ea4484b19c373fd0125dd8: Sending packet MESSAGE data 2/test,["livematch",{"score_b":"/","score_r":"/"}]
2018-06-07 21:46:03	INFO	emitting event "livematch" to all [/test]
2018-06-07 21:46:03	INFO	4fe4914e04ea4484b19c373fd0125dd8: Sending packet MESSAGE data 2/test,["livematch",{"score_b":"/","score_r":"/"}]
2018-06-07 21:46:04	INFO	emitting event "livematch" to all [/test]
2018-06-07 21:46:04	INFO	4fe4914e04ea4484b19c373fd0125dd8: Sending packet MESSAGE data 2/test,["livematch",{"score_b":"/","score_r":"/"}]
2018-06-07 21:46:05	INFO	emitting event "livematch" to all [/test]
2018-06-07 21:46:05	INFO	4fe4914e04ea4484b19c373fd0125dd8: Sending packet MESSAGE data 2/test,["livematch",{"score_b":"/","score_r":"/"}]
2018-06-07 21:46:06	INFO	emitting event "livematch" to all [/test]
2018-06-07 21:46:06	INFO	4fe4914e04ea4484b19c373fd0125dd8: Sending packet MESSAGE data 2/test,["livematch",{"score_b":"/","score_r":"/"}]
2018-06-07 21:46:07	INFO	emitting event "livematch" to all [/test]
2018-06-07 21:46:07	INFO	4fe4914e04ea4484b19c373fd0125dd8: Sending packet MESSAGE data 2/test,["livematch",{"score_b":"/","score_r":"/"}]
2018-06-07 21:46:08	INFO	emitting event "livematch" to all [/test]
2018-06-07 21:46:08	INFO	4fe4914e04ea4484b19c373fd0125dd8: Sending packet MESSAGE data 2/test,["livematch",{"score_b":"/","score_r":"/"}]
2018-06-07 21:46:09	INFO	emitting event "livematch" to all [/test]
2018-06-07 21:46:09	INFO	4fe4914e04ea4484b19c373fd0125dd8: Sending packet MESSAGE data 2/test,["livematch",{"score_b":"/","score_r":"/"}]
2018-06-07 21:46:10	INFO	emitting event "livematch" to all [/test]
2018-06-07 21:46:10	INFO	4fe4914e04ea4484b19c373fd0125dd8: Sending packet MESSAGE data 2/test,["livematch",{"score_b":"/","score_r":"/"}]
2018-06-07 21:46:11	INFO	emitting event "livematch" to all [/test]
2018-06-07 21:46:11	INFO	4fe4914e04ea4484b19c373fd0125dd8: Sending packet MESSAGE data 2/test,["livematch",{"score_b":"/","score_r":"/"}]
2018-06-07 21:46:12	INFO	emitting event "livematch" to all [/test]
2018-06-07 21:46:12	INFO	4fe4914e04ea4484b19c373fd0125dd8: Sending packet MESSAGE data 2/test,["livematch",{"score_b":"/","score_r":"/"}]
2018-06-07 21:46:13	INFO	emitting event "livematch" to all [/test]
2018-06-07 21:46:13	INFO	4fe4914e04ea4484b19c373fd0125dd8: Sending packet MESSAGE data 2/test,["livematch",{"score_b":"/","score_r":"/"}]
2018-06-07 21:46:14	INFO	emitting event "livematch" to all [/test]
2018-06-07 21:46:14	INFO	4fe4914e04ea4484b19c373fd0125dd8: Sending packet MESSAGE data 2/test,["livematch",{"score_b":"/","score_r":"/"}]
2018-06-07 21:46:15	INFO	emitting event "livematch" to all [/test]
2018-06-07 21:46:15	INFO	4fe4914e04ea4484b19c373fd0125dd8: Sending packet MESSAGE data 2/test,["livematch",{"score_b":"/","score_r":"/"}]
2018-06-07 21:46:16	INFO	emitting event "livematch" to all [/test]
2018-06-07 21:46:16	INFO	4fe4914e04ea4484b19c373fd0125dd8: Sending packet MESSAGE data 2/test,["livematch",{"score_b":"/","score_r":"/"}]
2018-06-07 21:46:17	INFO	emitting event "livematch" to all [/test]
2018-06-07 21:46:17	INFO	4fe4914e04ea4484b19c373fd0125dd8: Sending packet MESSAGE data 2/test,["livematch",{"score_b":"/","score_r":"/"}]
2018-06-07 21:46:18	INFO	emitting event "livematch" to all [/test]
2018-06-07 21:46:18	INFO	4fe4914e04ea4484b19c373fd0125dd8: Sending packet MESSAGE data 2/test,["livematch",{"score_b":"/","score_r":"/"}]
2018-06-07 21:46:19	INFO	emitting event "livematch" to all [/test]
2018-06-07 21:46:19	INFO	4fe4914e04ea4484b19c373fd0125dd8: Sending packet MESSAGE data 2/test,["livematch",{"score_b":"/","score_r":"/"}]
2018-06-07 21:46:20	INFO	emitting event "livematch" to all [/test]
2018-06-07 21:46:20	INFO	4fe4914e04ea4484b19c373fd0125dd8: Sending packet MESSAGE data 2/test,["livematch",{"score_b":"/","score_r":"/"}]
2018-06-07 21:46:21	INFO	emitting event "livematch" to all [/test]
2018-06-07 21:46:21	INFO	4fe4914e04ea4484b19c373fd0125dd8: Sending packet MESSAGE data 2/test,["livematch",{"score_b":"/","score_r":"/"}]
2018-06-07 21:46:22	INFO	emitting event "livematch" to all [/test]
2018-06-07 21:46:22	INFO	4fe4914e04ea4484b19c373fd0125dd8: Sending packet MESSAGE data 2/test,["livematch",{"score_b":"/","score_r":"/"}]
2018-06-07 21:46:23	INFO	emitting event "livematch" to all [/test]
2018-06-07 21:46:23	INFO	4fe4914e04ea4484b19c373fd0125dd8: Sending packet MESSAGE data 2/test,["livematch",{"score_b":"/","score_r":"/"}]
2018-06-07 21:46:24	INFO	emitting event "livematch" to all [/test]
2018-06-07 21:46:24	INFO	4fe4914e04ea4484b19c373fd0125dd8: Sending packet MESSAGE data 2/test,["livematch",{"score_b":"/","score_r":"/"}]
2018-06-07 21:46:25	INFO	emitting event "livematch" to all [/test]
2018-06-07 21:46:25	INFO	4fe4914e04ea4484b19c373fd0125dd8: Sending packet MESSAGE data 2/test,["livematch",{"score_b":"/","score_r":"/"}]
2018-06-07 21:46:26	INFO	emitting event "livematch" to all [/test]
2018-06-07 21:46:26	INFO	4fe4914e04ea4484b19c373fd0125dd8: Sending packet MESSAGE data 2/test,["livematch",{"score_b":"/","score_r":"/"}]
2018-06-07 21:46:27	INFO	emitting event "livematch" to all [/test]
2018-06-07 21:46:27	INFO	4fe4914e04ea4484b19c373fd0125dd8: Sending packet MESSAGE data 2/test,["livematch",{"score_b":"/","score_r":"/"}]
2018-06-07 21:46:28	INFO	emitting event "livematch" to all [/test]
2018-06-07 21:46:28	INFO	4fe4914e04ea4484b19c373fd0125dd8: Sending packet MESSAGE data 2/test,["livematch",{"score_b":"/","score_r":"/"}]
2018-06-07 21:46:29	INFO	emitting event "livematch" to all [/test]
2018-06-07 21:46:29	INFO	4fe4914e04ea4484b19c373fd0125dd8: Sending packet MESSAGE data 2/test,["livematch",{"score_b":"/","score_r":"/"}]
2018-06-07 21:46:30	INFO	emitting event "livematch" to all [/test]
2018-06-07 21:46:30	INFO	4fe4914e04ea4484b19c373fd0125dd8: Sending packet MESSAGE data 2/test,["livematch",{"score_b":"/","score_r":"/"}]
2018-06-07 21:46:31	INFO	emitting event "livematch" to all [/test]
2018-06-07 21:46:31	INFO	4fe4914e04ea4484b19c373fd0125dd8: Sending packet MESSAGE data 2/test,["livematch",{"score_b":"/","score_r":"/"}]
2018-06-07 21:46:32	INFO	emitting event "livematch" to all [/test]
2018-06-07 21:46:32	INFO	4fe4914e04ea4484b19c373fd0125dd8: Sending packet MESSAGE data 2/test,["livematch",{"score_b":"/","score_r":"/"}]
2018-06-07 21:46:33	INFO	emitting event "livematch" to all [/test]
2018-06-07 21:46:33	INFO	4fe4914e04ea4484b19c373fd0125dd8: Sending packet MESSAGE data 2/test,["livematch",{"score_b":"/","score_r":"/"}]
2018-06-07 21:46:34	INFO	emitting event "livematch" to all [/test]
2018-06-07 21:46:34	INFO	4fe4914e04ea4484b19c373fd0125dd8: Sending packet MESSAGE data 2/test,["livematch",{"score_b":"/","score_r":"/"}]
2018-06-07 21:46:35	INFO	emitting event "livematch" to all [/test]
2018-06-07 21:46:35	INFO	4fe4914e04ea4484b19c373fd0125dd8: Sending packet MESSAGE data 2/test,["livematch",{"score_b":"/","score_r":"/"}]
2018-06-07 21:46:36	INFO	emitting event "livematch" to all [/test]
2018-06-07 21:46:36	INFO	4fe4914e04ea4484b19c373fd0125dd8: Sending packet MESSAGE data 2/test,["livematch",{"score_b":"/","score_r":"/"}]
2018-06-07 21:46:37	INFO	emitting event "livematch" to all [/test]
2018-06-07 21:46:37	INFO	4fe4914e04ea4484b19c373fd0125dd8: Sending packet MESSAGE data 2/test,["livematch",{"score_b":"/","score_r":"/"}]
2018-06-07 21:46:38	INFO	emitting event "livematch" to all [/test]
2018-06-07 21:46:38	INFO	4fe4914e04ea4484b19c373fd0125dd8: Sending packet MESSAGE data 2/test,["livematch",{"score_b":"/","score_r":"/"}]
2018-06-07 21:46:39	INFO	emitting event "livematch" to all [/test]
2018-06-07 21:46:39	INFO	4fe4914e04ea4484b19c373fd0125dd8: Sending packet MESSAGE data 2/test,["livematch",{"score_b":"/","score_r":"/"}]
2018-06-07 21:46:40	INFO	emitting event "livematch" to all [/test]
2018-06-07 21:46:40	INFO	4fe4914e04ea4484b19c373fd0125dd8: Sending packet MESSAGE data 2/test,["livematch",{"score_b":"/","score_r":"/"}]
2018-06-07 21:46:41	INFO	emitting event "livematch" to all [/test]
2018-06-07 21:46:41	INFO	4fe4914e04ea4484b19c373fd0125dd8: Sending packet MESSAGE data 2/test,["livematch",{"score_b":"/","score_r":"/"}]
2018-06-07 21:46:42	INFO	emitting event "livematch" to all [/test]
2018-06-07 21:46:42	INFO	4fe4914e04ea4484b19c373fd0125dd8: Sending packet MESSAGE data 2/test,["livematch",{"score_b":"/","score_r":"/"}]
2018-06-07 21:46:43	INFO	emitting event "livematch" to all [/test]
2018-06-07 21:46:43	INFO	4fe4914e04ea4484b19c373fd0125dd8: Sending packet MESSAGE data 2/test,["livematch",{"score_b":"/","score_r":"/"}]
2018-06-07 21:46:44	INFO	emitting event "livematch" to all [/test]
2018-06-07 21:46:44	INFO	4fe4914e04ea4484b19c373fd0125dd8: Sending packet MESSAGE data 2/test,["livematch",{"score_b":"/","score_r":"/"}]
2018-06-07 21:46:45	INFO	emitting event "livematch" to all [/test]
2018-06-07 21:46:45	INFO	4fe4914e04ea4484b19c373fd0125dd8: Sending packet MESSAGE data 2/test,["livematch",{"score_b":"/","score_r":"/"}]
2018-06-07 21:46:46	INFO	emitting event "livematch" to all [/test]
2018-06-07 21:46:46	INFO	4fe4914e04ea4484b19c373fd0125dd8: Sending packet MESSAGE data 2/test,["livematch",{"score_b":"/","score_r":"/"}]
2018-06-07 21:46:47	INFO	emitting event "livematch" to all [/test]
2018-06-07 21:46:47	INFO	4fe4914e04ea4484b19c373fd0125dd8: Sending packet MESSAGE data 2/test,["livematch",{"score_b":"/","score_r":"/"}]
2018-06-07 21:46:48	INFO	emitting event "livematch" to all [/test]
2018-06-07 21:46:48	INFO	4fe4914e04ea4484b19c373fd0125dd8: Sending packet MESSAGE data 2/test,["livematch",{"score_b":"/","score_r":"/"}]
2018-06-07 21:46:49	INFO	emitting event "livematch" to all [/test]
2018-06-07 21:46:49	INFO	4fe4914e04ea4484b19c373fd0125dd8: Sending packet MESSAGE data 2/test,["livematch",{"score_b":"/","score_r":"/"}]
2018-06-07 21:46:51	INFO	emitting event "livematch" to all [/test]
2018-06-07 21:46:51	INFO	4fe4914e04ea4484b19c373fd0125dd8: Sending packet MESSAGE data 2/test,["livematch",{"score_b":"/","score_r":"/"}]
2018-06-07 21:46:52	INFO	emitting event "livematch" to all [/test]
2018-06-07 21:46:52	INFO	4fe4914e04ea4484b19c373fd0125dd8: Client is gone, closing socket
2018-06-07 21:46:52	INFO	Client disconnected
2018-06-07 21:46:53	INFO	emitting event "livematch" to all [/test]
2018-06-07 21:46:54	INFO	emitting event "livematch" to all [/test]
2018-06-07 21:46:55	INFO	emitting event "livematch" to all [/test]
2018-06-07 21:46:56	INFO	emitting event "livematch" to all [/test]
2018-06-07 21:46:57	INFO	emitting event "livematch" to all [/test]
2018-06-07 21:46:58	INFO	emitting event "livematch" to all [/test]
2018-06-07 21:46:59	INFO	emitting event "livematch" to all [/test]
2018-06-07 21:47:00	INFO	emitting event "livematch" to all [/test]
2018-06-07 21:47:01	INFO	emitting event "livematch" to all [/test]
2018-06-07 21:47:02	INFO	emitting event "livematch" to all [/test]
2018-06-07 21:47:03	INFO	emitting event "livematch" to all [/test]
2018-06-07 21:47:04	INFO	emitting event "livematch" to all [/test]
2018-06-07 21:47:05	INFO	emitting event "livematch" to all [/test]
2018-06-07 21:47:06	INFO	emitting event "livematch" to all [/test]
2018-06-07 21:47:07	INFO	emitting event "livematch" to all [/test]
2018-06-07 21:47:08	INFO	emitting event "livematch" to all [/test]
2018-06-07 21:47:09	INFO	emitting event "livematch" to all [/test]
2018-06-07 21:47:10	INFO	emitting event "livematch" to all [/test]
2018-06-07 21:47:10	INFO	 * Detected change in 'C:\\Users\\FabSN\\Documents\\GitHub\\BabyFootConnecte\\app\\app.py', reloading
2018-06-07 21:47:10	INFO	 * Restarting with stat
2018-06-07 21:47:12	INFO	Server initialized for gevent.
2018-06-07 21:47:12	WARNING	 * Debugger is active!
2018-06-07 21:47:12	INFO	 * Debugger PIN: 229-382-953
2018-06-07 21:47:12	INFO	 * Running on http://127.0.0.1:5000/ (Press CTRL+C to quit)
2018-06-07 22:23:44	INFO	Server initialized for gevent.
2018-06-07 22:23:44	INFO	 * Restarting with stat
2018-06-07 22:23:46	INFO	Server initialized for gevent.
2018-06-07 22:23:46	WARNING	 * Debugger is active!
2018-06-07 22:23:46	INFO	 * Debugger PIN: 229-382-953
2018-06-07 22:23:46	INFO	 * Running on http://127.0.0.1:5000/ (Press CTRL+C to quit)
2018-06-07 22:23:56	INFO	127.0.0.1 - - [07/Jun/2018 22:23:56] "[37mGET /players HTTP/1.1[0m" 200 -
